2023-12-22T09:55:03+00:00 CRITICAL Uncaught Error: Call to a member function get_posts() on bool in /datadrive/cabling-webshop/wp-content/themes/cabling/bbpress/loop-discover.php:16
Stack trace:
#0 /datadrive/cabling-webshop/wp-includes/template.php(792): require()
#1 /datadrive/cabling-webshop/wp-content/plugins/bbpress/includes/core/template-functions.php(103): load_template()
#2 /datadrive/cabling-webshop/wp-content/plugins/bbpress/includes/core/template-functions.php(41): bbp_locate_template()
#3 /datadrive/cabling-webshop/wp-content/themes/cabling/bbpress/content-archive-forum.php(27): bbp_get_template_part()
#4 /datadrive/cabling-webshop/wp-includes/template.php(792): require('...')
#5 /datadrive/cabling-webshop/wp-content/plugins/bbpress/includes/core/template-functions.php(103): load_template()
#6 /datadrive/cabling-webshop/wp-content/plugins/bbpress/includes/core/template-functions.php(41): bbp_locate_template()
#7 /datadrive/cabling-webshop/wp-content/plugins/bbpress/includes/common/shortcodes.php(197): bbp_get_template_part()
#8 /datadrive/cabling-webshop/wp-content/plugins/bbpress/includes/core/theme-compat.php(549): BBP_Shortcodes->display_forum_index()
#9 /datadrive/cabling-webshop/wp-includes/class-wp-hook.php(324): bbp_template_include_theme_compat()
#10 /datadrive/cabling-webshop/wp-includes/plugin.php(205): WP_Hook->apply_filters()
#11 /datadrive/cabling-webshop/wp-content/plugins/bbpress/includes/core/sub-actions.php(477): apply_filters()
#12 /datadrive/cabling-webshop/wp-includes/class-wp-hook.php(324): bbp_template_include()
#13 /datadrive/cabling-webshop/wp-includes/plugin.php(205): WP_Hook->apply_filters()
#14 /datadrive/cabling-webshop/wp-includes/template-loader.php(104): apply_filters()
#15 /datadrive/cabling-webshop/wp-blog-header.php(19): require_once('...')
#16 /datadrive/cabling-webshop/index.php(17): require('...')
#17 {main}
  thrown in /datadrive/cabling-webshop/wp-content/themes/cabling/bbpress/loop-discover.php on line 16

