2024-01-04T07:56:46+00:00 CRITICAL Uncaught Error: Undefined constant "ICL_LANGUAGE_CODE" in /datadrive/cabling-webshop/wp-content/themes/cabling/searchform.php:23
Stack trace:
#0 /datadrive/cabling-webshop/wp-includes/general-template.php(310): require()
#1 /datadrive/cabling-webshop/wp-content/themes/cabling/header.php(29): get_search_form()
#2 /datadrive/cabling-webshop/wp-includes/template.php(790): require_once('...')
#3 /datadrive/cabling-webshop/wp-includes/template.php(725): load_template()
#4 /datadrive/cabling-webshop/wp-includes/general-template.php(48): locate_template()
#5 /datadrive/cabling-webshop/wp-content/themes/cabling/page.php(15): get_header()
#6 /datadrive/cabling-webshop/wp-includes/template-loader.php(106): include('...')
#7 /datadrive/cabling-webshop/wp-blog-header.php(19): require_once('...')
#8 /datadrive/cabling-webshop/index.php(17): require('...')
#9 {main}
  thrown in /datadrive/cabling-webshop/wp-content/themes/cabling/searchform.php on line 23

2024-01-04T07:56:51+00:00 CRITICAL Uncaught Error: Undefined constant "ICL_LANGUAGE_CODE" in /datadrive/cabling-webshop/wp-content/themes/cabling/searchform.php:23
Stack trace:
#0 /datadrive/cabling-webshop/wp-includes/general-template.php(310): require()
#1 /datadrive/cabling-webshop/wp-content/themes/cabling/header-jm-reduced.php(30): get_search_form()
#2 /datadrive/cabling-webshop/wp-includes/template.php(790): require_once('...')
#3 /datadrive/cabling-webshop/wp-includes/template.php(725): load_template()
#4 /datadrive/cabling-webshop/wp-includes/general-template.php(48): locate_template()
#5 /datadrive/cabling-webshop/wp-content/themes/cabling/templates/homepage_v2_jm.php(11): get_header()
#6 /datadrive/cabling-webshop/wp-includes/template-loader.php(106): include('...')
#7 /datadrive/cabling-webshop/wp-blog-header.php(19): require_once('...')
#8 /datadrive/cabling-webshop/index.php(17): require('...')
#9 {main}
  thrown in /datadrive/cabling-webshop/wp-content/themes/cabling/searchform.php on line 23

2024-01-04T07:56:52+00:00 CRITICAL Uncaught Error: Undefined constant "ICL_LANGUAGE_CODE" in /datadrive/cabling-webshop/wp-content/themes/cabling/searchform.php:23
Stack trace:
#0 /datadrive/cabling-webshop/wp-includes/general-template.php(310): require()
#1 /datadrive/cabling-webshop/wp-content/themes/cabling/header.php(29): get_search_form()
#2 /datadrive/cabling-webshop/wp-includes/template.php(790): require_once('...')
#3 /datadrive/cabling-webshop/wp-includes/template.php(725): load_template()
#4 /datadrive/cabling-webshop/wp-includes/general-template.php(48): locate_template()
#5 /datadrive/cabling-webshop/wp-content/themes/cabling/page.php(15): get_header()
#6 /datadrive/cabling-webshop/wp-includes/template-loader.php(106): include('...')
#7 /datadrive/cabling-webshop/wp-blog-header.php(19): require_once('...')
#8 /datadrive/cabling-webshop/index.php(17): require('...')
#9 {main}
  thrown in /datadrive/cabling-webshop/wp-content/themes/cabling/searchform.php on line 23

2024-01-04T07:56:53+00:00 CRITICAL Uncaught Error: Undefined constant "ICL_LANGUAGE_CODE" in /datadrive/cabling-webshop/wp-content/themes/cabling/searchform.php:23
Stack trace:
#0 /datadrive/cabling-webshop/wp-includes/general-template.php(310): require()
#1 /datadrive/cabling-webshop/wp-content/themes/cabling/header.php(29): get_search_form()
#2 /datadrive/cabling-webshop/wp-includes/template.php(790): require_once('...')
#3 /datadrive/cabling-webshop/wp-includes/template.php(725): load_template()
#4 /datadrive/cabling-webshop/wp-includes/general-template.php(48): locate_template()
#5 /datadrive/cabling-webshop/wp-content/themes/cabling/woocommerce/archive-product.php(23): get_header()
#6 /datadrive/cabling-webshop/wp-includes/template-loader.php(106): include('...')
#7 /datadrive/cabling-webshop/wp-blog-header.php(19): require_once('...')
#8 /datadrive/cabling-webshop/index.php(17): require('...')
#9 {main}
  thrown in /datadrive/cabling-webshop/wp-content/themes/cabling/searchform.php on line 23

2024-01-04T07:57:03+00:00 CRITICAL Uncaught Error: Undefined constant "ICL_LANGUAGE_CODE" in /datadrive/cabling-webshop/wp-content/themes/cabling/searchform.php:23
Stack trace:
#0 /datadrive/cabling-webshop/wp-includes/general-template.php(310): require()
#1 /datadrive/cabling-webshop/wp-content/themes/cabling/header.php(29): get_search_form()
#2 /datadrive/cabling-webshop/wp-includes/template.php(790): require_once('...')
#3 /datadrive/cabling-webshop/wp-includes/template.php(725): load_template()
#4 /datadrive/cabling-webshop/wp-includes/general-template.php(48): locate_template()
#5 /datadrive/cabling-webshop/wp-content/themes/cabling/page.php(15): get_header()
#6 /datadrive/cabling-webshop/wp-includes/template-loader.php(106): include('...')
#7 /datadrive/cabling-webshop/wp-blog-header.php(19): require_once('...')
#8 /datadrive/cabling-webshop/index.php(17): require('...')
#9 {main}
  thrown in /datadrive/cabling-webshop/wp-content/themes/cabling/searchform.php on line 23

2024-01-04T07:57:03+00:00 CRITICAL Uncaught Error: Undefined constant "ICL_LANGUAGE_CODE" in /datadrive/cabling-webshop/wp-content/themes/cabling/searchform.php:23
Stack trace:
#0 /datadrive/cabling-webshop/wp-includes/general-template.php(310): require()
#1 /datadrive/cabling-webshop/wp-content/themes/cabling/header.php(29): get_search_form()
#2 /datadrive/cabling-webshop/wp-includes/template.php(790): require_once('...')
#3 /datadrive/cabling-webshop/wp-includes/template.php(725): load_template()
#4 /datadrive/cabling-webshop/wp-includes/general-template.php(48): locate_template()
#5 /datadrive/cabling-webshop/wp-content/themes/cabling/templates/product-service.php(29): get_header()
#6 /datadrive/cabling-webshop/wp-includes/template-loader.php(106): include('...')
#7 /datadrive/cabling-webshop/wp-blog-header.php(19): require_once('...')
#8 /datadrive/cabling-webshop/index.php(17): require('...')
#9 {main}
  thrown in /datadrive/cabling-webshop/wp-content/themes/cabling/searchform.php on line 23

2024-01-04T07:57:07+00:00 CRITICAL Uncaught Error: Undefined constant "ICL_LANGUAGE_CODE" in /datadrive/cabling-webshop/wp-content/themes/cabling/searchform.php:23
Stack trace:
#0 /datadrive/cabling-webshop/wp-includes/general-template.php(310): require()
#1 /datadrive/cabling-webshop/wp-content/themes/cabling/header-jm-reduced.php(30): get_search_form()
#2 /datadrive/cabling-webshop/wp-includes/template.php(790): require_once('...')
#3 /datadrive/cabling-webshop/wp-includes/template.php(725): load_template()
#4 /datadrive/cabling-webshop/wp-includes/general-template.php(48): locate_template()
#5 /datadrive/cabling-webshop/wp-content/themes/cabling/templates/homepage_v2_jm.php(11): get_header()
#6 /datadrive/cabling-webshop/wp-includes/template-loader.php(106): include('...')
#7 /datadrive/cabling-webshop/wp-blog-header.php(19): require_once('...')
#8 /datadrive/cabling-webshop/index.php(17): require('...')
#9 {main}
  thrown in /datadrive/cabling-webshop/wp-content/themes/cabling/searchform.php on line 23

2024-01-04T07:57:13+00:00 CRITICAL Uncaught Error: Undefined constant "ICL_LANGUAGE_CODE" in /datadrive/cabling-webshop/wp-content/themes/cabling/searchform.php:23
Stack trace:
#0 /datadrive/cabling-webshop/wp-includes/general-template.php(310): require()
#1 /datadrive/cabling-webshop/wp-content/themes/cabling/header-jm-reduced.php(30): get_search_form()
#2 /datadrive/cabling-webshop/wp-includes/template.php(790): require_once('...')
#3 /datadrive/cabling-webshop/wp-includes/template.php(725): load_template()
#4 /datadrive/cabling-webshop/wp-includes/general-template.php(48): locate_template()
#5 /datadrive/cabling-webshop/wp-content/themes/cabling/templates/homepage_v2_jm.php(11): get_header()
#6 /datadrive/cabling-webshop/wp-includes/template-loader.php(106): include('...')
#7 /datadrive/cabling-webshop/wp-blog-header.php(19): require_once('...')
#8 /datadrive/cabling-webshop/index.php(17): require('...')
#9 {main}
  thrown in /datadrive/cabling-webshop/wp-content/themes/cabling/searchform.php on line 23

2024-01-04T07:57:32+00:00 CRITICAL Uncaught Error: Undefined constant "ICL_LANGUAGE_CODE" in /datadrive/cabling-webshop/wp-content/themes/cabling/searchform.php:23
Stack trace:
#0 /datadrive/cabling-webshop/wp-includes/general-template.php(310): require()
#1 /datadrive/cabling-webshop/wp-content/themes/cabling/header-jm-reduced.php(30): get_search_form()
#2 /datadrive/cabling-webshop/wp-includes/template.php(790): require_once('...')
#3 /datadrive/cabling-webshop/wp-includes/template.php(725): load_template()
#4 /datadrive/cabling-webshop/wp-includes/general-template.php(48): locate_template()
#5 /datadrive/cabling-webshop/wp-content/themes/cabling/templates/homepage_v2_jm.php(11): get_header()
#6 /datadrive/cabling-webshop/wp-includes/template-loader.php(106): include('...')
#7 /datadrive/cabling-webshop/wp-blog-header.php(19): require_once('...')
#8 /datadrive/cabling-webshop/index.php(17): require('...')
#9 {main}
  thrown in /datadrive/cabling-webshop/wp-content/themes/cabling/searchform.php on line 23

2024-01-04T07:57:35+00:00 CRITICAL Uncaught Error: Undefined constant "ICL_LANGUAGE_CODE" in /datadrive/cabling-webshop/wp-content/themes/cabling/searchform.php:23
Stack trace:
#0 /datadrive/cabling-webshop/wp-includes/general-template.php(310): require()
#1 /datadrive/cabling-webshop/wp-content/themes/cabling/header-jm-reduced.php(30): get_search_form()
#2 /datadrive/cabling-webshop/wp-includes/template.php(790): require_once('...')
#3 /datadrive/cabling-webshop/wp-includes/template.php(725): load_template()
#4 /datadrive/cabling-webshop/wp-includes/general-template.php(48): locate_template()
#5 /datadrive/cabling-webshop/wp-content/themes/cabling/templates/homepage_v2_jm.php(11): get_header()
#6 /datadrive/cabling-webshop/wp-includes/template-loader.php(106): include('...')
#7 /datadrive/cabling-webshop/wp-blog-header.php(19): require_once('...')
#8 /datadrive/cabling-webshop/index.php(17): require('...')
#9 {main}
  thrown in /datadrive/cabling-webshop/wp-content/themes/cabling/searchform.php on line 23

2024-01-04T07:57:36+00:00 CRITICAL Uncaught Error: Undefined constant "ICL_LANGUAGE_CODE" in /datadrive/cabling-webshop/wp-content/themes/cabling/searchform.php:23
Stack trace:
#0 /datadrive/cabling-webshop/wp-includes/general-template.php(310): require()
#1 /datadrive/cabling-webshop/wp-content/themes/cabling/header.php(29): get_search_form()
#2 /datadrive/cabling-webshop/wp-includes/template.php(790): require_once('...')
#3 /datadrive/cabling-webshop/wp-includes/template.php(725): load_template()
#4 /datadrive/cabling-webshop/wp-includes/general-template.php(48): locate_template()
#5 /datadrive/cabling-webshop/wp-content/themes/cabling/woocommerce/archive-product.php(23): get_header()
#6 /datadrive/cabling-webshop/wp-includes/template-loader.php(106): include('...')
#7 /datadrive/cabling-webshop/wp-blog-header.php(19): require_once('...')
#8 /datadrive/cabling-webshop/index.php(17): require('...')
#9 {main}
  thrown in /datadrive/cabling-webshop/wp-content/themes/cabling/searchform.php on line 23

2024-01-04T07:57:40+00:00 CRITICAL Uncaught Error: Undefined constant "ICL_LANGUAGE_CODE" in /datadrive/cabling-webshop/wp-content/themes/cabling/searchform.php:23
Stack trace:
#0 /datadrive/cabling-webshop/wp-includes/general-template.php(310): require()
#1 /datadrive/cabling-webshop/wp-content/themes/cabling/header.php(29): get_search_form()
#2 /datadrive/cabling-webshop/wp-includes/template.php(790): require_once('...')
#3 /datadrive/cabling-webshop/wp-includes/template.php(725): load_template()
#4 /datadrive/cabling-webshop/wp-includes/general-template.php(48): locate_template()
#5 /datadrive/cabling-webshop/wp-content/themes/cabling/woocommerce/archive-product.php(23): get_header()
#6 /datadrive/cabling-webshop/wp-includes/template-loader.php(106): include('...')
#7 /datadrive/cabling-webshop/wp-blog-header.php(19): require_once('...')
#8 /datadrive/cabling-webshop/index.php(17): require('...')
#9 {main}
  thrown in /datadrive/cabling-webshop/wp-content/themes/cabling/searchform.php on line 23

2024-01-04T07:57:45+00:00 CRITICAL Uncaught Error: Undefined constant "ICL_LANGUAGE_CODE" in /datadrive/cabling-webshop/wp-content/themes/cabling/searchform.php:23
Stack trace:
#0 /datadrive/cabling-webshop/wp-includes/general-template.php(310): require()
#1 /datadrive/cabling-webshop/wp-content/themes/cabling/header.php(29): get_search_form()
#2 /datadrive/cabling-webshop/wp-includes/template.php(790): require_once('...')
#3 /datadrive/cabling-webshop/wp-includes/template.php(725): load_template()
#4 /datadrive/cabling-webshop/wp-includes/general-template.php(48): locate_template()
#5 /datadrive/cabling-webshop/wp-content/themes/cabling/woocommerce/archive-product.php(23): get_header()
#6 /datadrive/cabling-webshop/wp-includes/template-loader.php(106): include('...')
#7 /datadrive/cabling-webshop/wp-blog-header.php(19): require_once('...')
#8 /datadrive/cabling-webshop/index.php(17): require('...')
#9 {main}
  thrown in /datadrive/cabling-webshop/wp-content/themes/cabling/searchform.php on line 23

2024-01-04T07:58:06+00:00 CRITICAL Uncaught Error: Undefined constant "ICL_LANGUAGE_CODE" in /datadrive/cabling-webshop/wp-content/themes/cabling/searchform.php:23
Stack trace:
#0 /datadrive/cabling-webshop/wp-includes/general-template.php(310): require()
#1 /datadrive/cabling-webshop/wp-content/themes/cabling/header-jm-reduced.php(30): get_search_form()
#2 /datadrive/cabling-webshop/wp-includes/template.php(790): require_once('...')
#3 /datadrive/cabling-webshop/wp-includes/template.php(725): load_template()
#4 /datadrive/cabling-webshop/wp-includes/general-template.php(48): locate_template()
#5 /datadrive/cabling-webshop/wp-content/themes/cabling/templates/homepage_v2_jm.php(11): get_header()
#6 /datadrive/cabling-webshop/wp-includes/template-loader.php(106): include('...')
#7 /datadrive/cabling-webshop/wp-blog-header.php(19): require_once('...')
#8 /datadrive/cabling-webshop/index.php(17): require('...')
#9 {main}
  thrown in /datadrive/cabling-webshop/wp-content/themes/cabling/searchform.php on line 23

2024-01-04T07:58:16+00:00 CRITICAL Uncaught Error: Undefined constant "ICL_LANGUAGE_CODE" in /datadrive/cabling-webshop/wp-content/themes/cabling/searchform.php:23
Stack trace:
#0 /datadrive/cabling-webshop/wp-includes/general-template.php(310): require()
#1 /datadrive/cabling-webshop/wp-content/themes/cabling/header.php(29): get_search_form()
#2 /datadrive/cabling-webshop/wp-includes/template.php(790): require_once('...')
#3 /datadrive/cabling-webshop/wp-includes/template.php(725): load_template()
#4 /datadrive/cabling-webshop/wp-includes/general-template.php(48): locate_template()
#5 /datadrive/cabling-webshop/wp-content/themes/cabling/woocommerce/archive-product.php(23): get_header()
#6 /datadrive/cabling-webshop/wp-includes/template-loader.php(106): include('...')
#7 /datadrive/cabling-webshop/wp-blog-header.php(19): require_once('...')
#8 /datadrive/cabling-webshop/index.php(17): require('...')
#9 {main}
  thrown in /datadrive/cabling-webshop/wp-content/themes/cabling/searchform.php on line 23

2024-01-04T07:58:26+00:00 CRITICAL Uncaught Error: Undefined constant "ICL_LANGUAGE_CODE" in /datadrive/cabling-webshop/wp-content/themes/cabling/searchform.php:23
Stack trace:
#0 /datadrive/cabling-webshop/wp-includes/general-template.php(310): require()
#1 /datadrive/cabling-webshop/wp-content/themes/cabling/header-jm-reduced.php(30): get_search_form()
#2 /datadrive/cabling-webshop/wp-includes/template.php(790): require_once('...')
#3 /datadrive/cabling-webshop/wp-includes/template.php(725): load_template()
#4 /datadrive/cabling-webshop/wp-includes/general-template.php(48): locate_template()
#5 /datadrive/cabling-webshop/wp-content/themes/cabling/templates/homepage_v2_jm.php(11): get_header()
#6 /datadrive/cabling-webshop/wp-includes/template-loader.php(106): include('...')
#7 /datadrive/cabling-webshop/wp-blog-header.php(19): require_once('...')
#8 /datadrive/cabling-webshop/index.php(17): require('...')
#9 {main}
  thrown in /datadrive/cabling-webshop/wp-content/themes/cabling/searchform.php on line 23

2024-01-04T07:58:32+00:00 CRITICAL Uncaught Error: Undefined constant "ICL_LANGUAGE_CODE" in /datadrive/cabling-webshop/wp-content/themes/cabling/searchform.php:23
Stack trace:
#0 /datadrive/cabling-webshop/wp-includes/general-template.php(310): require()
#1 /datadrive/cabling-webshop/wp-content/themes/cabling/header.php(29): get_search_form()
#2 /datadrive/cabling-webshop/wp-includes/template.php(790): require_once('...')
#3 /datadrive/cabling-webshop/wp-includes/template.php(725): load_template()
#4 /datadrive/cabling-webshop/wp-includes/general-template.php(48): locate_template()
#5 /datadrive/cabling-webshop/wp-content/themes/cabling/page.php(15): get_header()
#6 /datadrive/cabling-webshop/wp-includes/template-loader.php(106): include('...')
#7 /datadrive/cabling-webshop/wp-blog-header.php(19): require_once('...')
#8 /datadrive/cabling-webshop/index.php(17): require('...')
#9 {main}
  thrown in /datadrive/cabling-webshop/wp-content/themes/cabling/searchform.php on line 23

2024-01-04T07:58:38+00:00 CRITICAL Uncaught Error: Undefined constant "ICL_LANGUAGE_CODE" in /datadrive/cabling-webshop/wp-content/themes/cabling/searchform.php:23
Stack trace:
#0 /datadrive/cabling-webshop/wp-includes/general-template.php(310): require()
#1 /datadrive/cabling-webshop/wp-content/themes/cabling/header.php(29): get_search_form()
#2 /datadrive/cabling-webshop/wp-includes/template.php(790): require_once('...')
#3 /datadrive/cabling-webshop/wp-includes/template.php(725): load_template()
#4 /datadrive/cabling-webshop/wp-includes/general-template.php(48): locate_template()
#5 /datadrive/cabling-webshop/wp-content/themes/cabling/page.php(15): get_header()
#6 /datadrive/cabling-webshop/wp-includes/template-loader.php(106): include('...')
#7 /datadrive/cabling-webshop/wp-blog-header.php(19): require_once('...')
#8 /datadrive/cabling-webshop/index.php(17): require('...')
#9 {main}
  thrown in /datadrive/cabling-webshop/wp-content/themes/cabling/searchform.php on line 23

2024-01-04T07:58:42+00:00 CRITICAL Uncaught Error: Undefined constant "ICL_LANGUAGE_CODE" in /datadrive/cabling-webshop/wp-content/themes/cabling/searchform.php:23
Stack trace:
#0 /datadrive/cabling-webshop/wp-includes/general-template.php(310): require()
#1 /datadrive/cabling-webshop/wp-content/themes/cabling/header.php(29): get_search_form()
#2 /datadrive/cabling-webshop/wp-includes/template.php(790): require_once('...')
#3 /datadrive/cabling-webshop/wp-includes/template.php(725): load_template()
#4 /datadrive/cabling-webshop/wp-includes/general-template.php(48): locate_template()
#5 /datadrive/cabling-webshop/wp-content/themes/cabling/page.php(15): get_header()
#6 /datadrive/cabling-webshop/wp-includes/template-loader.php(106): include('...')
#7 /datadrive/cabling-webshop/wp-blog-header.php(19): require_once('...')
#8 /datadrive/cabling-webshop/index.php(17): require('...')
#9 {main}
  thrown in /datadrive/cabling-webshop/wp-content/themes/cabling/searchform.php on line 23

2024-01-04T07:58:44+00:00 CRITICAL Uncaught Error: Undefined constant "ICL_LANGUAGE_CODE" in /datadrive/cabling-webshop/wp-content/themes/cabling/searchform.php:23
Stack trace:
#0 /datadrive/cabling-webshop/wp-includes/general-template.php(310): require()
#1 /datadrive/cabling-webshop/wp-content/themes/cabling/header.php(29): get_search_form()
#2 /datadrive/cabling-webshop/wp-includes/template.php(790): require_once('...')
#3 /datadrive/cabling-webshop/wp-includes/template.php(725): load_template()
#4 /datadrive/cabling-webshop/wp-includes/general-template.php(48): locate_template()
#5 /datadrive/cabling-webshop/wp-content/themes/cabling/templates/product-service.php(29): get_header()
#6 /datadrive/cabling-webshop/wp-includes/template-loader.php(106): include('...')
#7 /datadrive/cabling-webshop/wp-blog-header.php(19): require_once('...')
#8 /datadrive/cabling-webshop/index.php(17): require('...')
#9 {main}
  thrown in /datadrive/cabling-webshop/wp-content/themes/cabling/searchform.php on line 23

2024-01-04T07:59:29+00:00 CRITICAL Uncaught Error: Undefined constant "ICL_LANGUAGE_CODE" in /datadrive/cabling-webshop/wp-content/themes/cabling/searchform.php:23
Stack trace:
#0 /datadrive/cabling-webshop/wp-includes/general-template.php(310): require()
#1 /datadrive/cabling-webshop/wp-content/themes/cabling/header-jm-reduced.php(30): get_search_form()
#2 /datadrive/cabling-webshop/wp-includes/template.php(790): require_once('...')
#3 /datadrive/cabling-webshop/wp-includes/template.php(725): load_template()
#4 /datadrive/cabling-webshop/wp-includes/general-template.php(48): locate_template()
#5 /datadrive/cabling-webshop/wp-content/themes/cabling/templates/homepage_v2_jm.php(11): get_header()
#6 /datadrive/cabling-webshop/wp-includes/template-loader.php(106): include('...')
#7 /datadrive/cabling-webshop/wp-blog-header.php(19): require_once('...')
#8 /datadrive/cabling-webshop/index.php(17): require('...')
#9 {main}
  thrown in /datadrive/cabling-webshop/wp-content/themes/cabling/searchform.php on line 23

2024-01-04T08:01:22+00:00 CRITICAL Uncaught Error: Undefined constant "ICL_LANGUAGE_CODE" in /datadrive/cabling-webshop/wp-content/themes/cabling/searchform.php:23
Stack trace:
#0 /datadrive/cabling-webshop/wp-includes/general-template.php(310): require()
#1 /datadrive/cabling-webshop/wp-content/themes/cabling/header-jm-reduced.php(30): get_search_form()
#2 /datadrive/cabling-webshop/wp-includes/template.php(790): require_once('...')
#3 /datadrive/cabling-webshop/wp-includes/template.php(725): load_template()
#4 /datadrive/cabling-webshop/wp-includes/general-template.php(48): locate_template()
#5 /datadrive/cabling-webshop/wp-content/themes/cabling/templates/homepage_v2_jm.php(11): get_header()
#6 /datadrive/cabling-webshop/wp-includes/template-loader.php(106): include('...')
#7 /datadrive/cabling-webshop/wp-blog-header.php(19): require_once('...')
#8 /datadrive/cabling-webshop/index.php(17): require('...')
#9 {main}
  thrown in /datadrive/cabling-webshop/wp-content/themes/cabling/searchform.php on line 23

2024-01-04T08:02:26+00:00 CRITICAL Uncaught Error: Undefined constant "ICL_LANGUAGE_CODE" in /datadrive/cabling-webshop/wp-content/themes/cabling/searchform.php:23
Stack trace:
#0 /datadrive/cabling-webshop/wp-includes/general-template.php(310): require()
#1 /datadrive/cabling-webshop/wp-content/themes/cabling/header.php(29): get_search_form()
#2 /datadrive/cabling-webshop/wp-includes/template.php(790): require_once('...')
#3 /datadrive/cabling-webshop/wp-includes/template.php(725): load_template()
#4 /datadrive/cabling-webshop/wp-includes/general-template.php(48): locate_template()
#5 /datadrive/cabling-webshop/wp-content/themes/cabling/templates/product-service.php(29): get_header()
#6 /datadrive/cabling-webshop/wp-includes/template-loader.php(106): include('...')
#7 /datadrive/cabling-webshop/wp-blog-header.php(19): require_once('...')
#8 /datadrive/cabling-webshop/index.php(17): require('...')
#9 {main}
  thrown in /datadrive/cabling-webshop/wp-content/themes/cabling/searchform.php on line 23

2024-01-04T08:03:22+00:00 CRITICAL Uncaught Error: Undefined constant "ICL_LANGUAGE_CODE" in /datadrive/cabling-webshop/wp-content/themes/cabling/searchform.php:23
Stack trace:
#0 /datadrive/cabling-webshop/wp-includes/general-template.php(310): require()
#1 /datadrive/cabling-webshop/wp-content/themes/cabling/header.php(29): get_search_form()
#2 /datadrive/cabling-webshop/wp-includes/template.php(790): require_once('...')
#3 /datadrive/cabling-webshop/wp-includes/template.php(725): load_template()
#4 /datadrive/cabling-webshop/wp-includes/general-template.php(48): locate_template()
#5 /datadrive/cabling-webshop/wp-content/themes/cabling/templates/product-service.php(29): get_header()
#6 /datadrive/cabling-webshop/wp-includes/template-loader.php(106): include('...')
#7 /datadrive/cabling-webshop/wp-blog-header.php(19): require_once('...')
#8 /datadrive/cabling-webshop/index.php(17): require('...')
#9 {main}
  thrown in /datadrive/cabling-webshop/wp-content/themes/cabling/searchform.php on line 23

2024-01-04T08:04:40+00:00 CRITICAL Uncaught Error: Undefined constant "ICL_LANGUAGE_CODE" in /datadrive/cabling-webshop/wp-content/themes/cabling/searchform.php:23
Stack trace:
#0 /datadrive/cabling-webshop/wp-includes/general-template.php(310): require()
#1 /datadrive/cabling-webshop/wp-content/themes/cabling/header.php(29): get_search_form()
#2 /datadrive/cabling-webshop/wp-includes/template.php(790): require_once('...')
#3 /datadrive/cabling-webshop/wp-includes/template.php(725): load_template()
#4 /datadrive/cabling-webshop/wp-includes/general-template.php(48): locate_template()
#5 /datadrive/cabling-webshop/wp-content/themes/cabling/templates/product-service.php(29): get_header()
#6 /datadrive/cabling-webshop/wp-includes/template-loader.php(106): include('...')
#7 /datadrive/cabling-webshop/wp-blog-header.php(19): require_once('...')
#8 /datadrive/cabling-webshop/index.php(17): require('...')
#9 {main}
  thrown in /datadrive/cabling-webshop/wp-content/themes/cabling/searchform.php on line 23

2024-01-04T08:05:38+00:00 CRITICAL Uncaught Error: Undefined constant "ICL_LANGUAGE_CODE" in /datadrive/cabling-webshop/wp-content/themes/cabling/searchform.php:23
Stack trace:
#0 /datadrive/cabling-webshop/wp-includes/general-template.php(310): require()
#1 /datadrive/cabling-webshop/wp-content/themes/cabling/header-jm-reduced.php(30): get_search_form()
#2 /datadrive/cabling-webshop/wp-includes/template.php(790): require_once('...')
#3 /datadrive/cabling-webshop/wp-includes/template.php(725): load_template()
#4 /datadrive/cabling-webshop/wp-includes/general-template.php(48): locate_template()
#5 /datadrive/cabling-webshop/wp-content/themes/cabling/templates/homepage_v2_jm.php(11): get_header()
#6 /datadrive/cabling-webshop/wp-includes/template-loader.php(106): include('...')
#7 /datadrive/cabling-webshop/wp-blog-header.php(19): require_once('...')
#8 /datadrive/cabling-webshop/index.php(17): require('...')
#9 {main}
  thrown in /datadrive/cabling-webshop/wp-content/themes/cabling/searchform.php on line 23

2024-01-04T08:05:58+00:00 CRITICAL Uncaught Error: Undefined constant "ICL_LANGUAGE_CODE" in /datadrive/cabling-webshop/wp-content/themes/cabling/searchform.php:23
Stack trace:
#0 /datadrive/cabling-webshop/wp-includes/general-template.php(310): require()
#1 /datadrive/cabling-webshop/wp-content/themes/cabling/header.php(29): get_search_form()
#2 /datadrive/cabling-webshop/wp-includes/template.php(790): require_once('...')
#3 /datadrive/cabling-webshop/wp-includes/template.php(725): load_template()
#4 /datadrive/cabling-webshop/wp-includes/general-template.php(48): locate_template()
#5 /datadrive/cabling-webshop/wp-content/themes/cabling/page.php(15): get_header()
#6 /datadrive/cabling-webshop/wp-includes/template-loader.php(106): include('...')
#7 /datadrive/cabling-webshop/wp-blog-header.php(19): require_once('...')
#8 /datadrive/cabling-webshop/index.php(17): require('...')
#9 {main}
  thrown in /datadrive/cabling-webshop/wp-content/themes/cabling/searchform.php on line 23

2024-01-04T08:06:00+00:00 CRITICAL Uncaught Error: Undefined constant "ICL_LANGUAGE_CODE" in /datadrive/cabling-webshop/wp-content/themes/cabling/searchform.php:23
Stack trace:
#0 /datadrive/cabling-webshop/wp-includes/general-template.php(310): require()
#1 /datadrive/cabling-webshop/wp-content/themes/cabling/header.php(29): get_search_form()
#2 /datadrive/cabling-webshop/wp-includes/template.php(790): require_once('...')
#3 /datadrive/cabling-webshop/wp-includes/template.php(725): load_template()
#4 /datadrive/cabling-webshop/wp-includes/general-template.php(48): locate_template()
#5 /datadrive/cabling-webshop/wp-content/themes/cabling/page.php(15): get_header()
#6 /datadrive/cabling-webshop/wp-includes/template-loader.php(106): include('...')
#7 /datadrive/cabling-webshop/wp-blog-header.php(19): require_once('...')
#8 /datadrive/cabling-webshop/index.php(17): require('...')
#9 {main}
  thrown in /datadrive/cabling-webshop/wp-content/themes/cabling/searchform.php on line 23

