2023-12-13T10:21:41+00:00 CRITICAL Uncaught TypeError: call_user_func_array(): Argument #1 ($callback) must be a valid callback, function "cabling_reset_password_ajax_callback" not found or invalid function name in /datadrive/cabling-webshop/wp-includes/class-wp-hook.php:324
Stack trace:
#0 /datadrive/cabling-webshop/wp-includes/class-wp-hook.php(348): WP_Hook->apply_filters()
#1 /datadrive/cabling-webshop/wp-includes/plugin.php(517): WP_Hook->do_action()
#2 /datadrive/cabling-webshop/wp-admin/admin-ajax.php(188): do_action()
#3 {main}
  thrown in /datadrive/cabling-webshop/wp-includes/class-wp-hook.php on line 324

2023-12-13T10:22:57+00:00 CRITICAL Uncaught TypeError: call_user_func_array(): Argument #1 ($callback) must be a valid callback, function "cabling_reset_password_ajax_callback" not found or invalid function name in /datadrive/cabling-webshop/wp-includes/class-wp-hook.php:324
Stack trace:
#0 /datadrive/cabling-webshop/wp-includes/class-wp-hook.php(348): WP_Hook->apply_filters()
#1 /datadrive/cabling-webshop/wp-includes/plugin.php(517): WP_Hook->do_action()
#2 /datadrive/cabling-webshop/wp-admin/admin-ajax.php(188): do_action()
#3 {main}
  thrown in /datadrive/cabling-webshop/wp-includes/class-wp-hook.php on line 324

2023-12-13T10:23:15+00:00 CRITICAL Uncaught TypeError: call_user_func_array(): Argument #1 ($callback) must be a valid callback, function "cabling_reset_password_ajax_callback" not found or invalid function name in /datadrive/cabling-webshop/wp-includes/class-wp-hook.php:324
Stack trace:
#0 /datadrive/cabling-webshop/wp-includes/class-wp-hook.php(348): WP_Hook->apply_filters()
#1 /datadrive/cabling-webshop/wp-includes/plugin.php(517): WP_Hook->do_action()
#2 /datadrive/cabling-webshop/wp-admin/admin-ajax.php(188): do_action()
#3 {main}
  thrown in /datadrive/cabling-webshop/wp-includes/class-wp-hook.php on line 324

2023-12-13T10:25:55+00:00 CRITICAL Uncaught TypeError: call_user_func_array(): Argument #1 ($callback) must be a valid callback, function "cabling_reset_password_ajax_callback" not found or invalid function name in /datadrive/cabling-webshop/wp-includes/class-wp-hook.php:324
Stack trace:
#0 /datadrive/cabling-webshop/wp-includes/class-wp-hook.php(348): WP_Hook->apply_filters()
#1 /datadrive/cabling-webshop/wp-includes/plugin.php(517): WP_Hook->do_action()
#2 /datadrive/cabling-webshop/wp-admin/admin-ajax.php(188): do_action()
#3 {main}
  thrown in /datadrive/cabling-webshop/wp-includes/class-wp-hook.php on line 324

