2023-12-28T07:55:07+00:00 CRITICAL Uncaught Error: Call to undefined function getCompoundRelated() in /datadrive/cabling-webshop/wp-content/themes/cabling/template-parts/filter-compound.php:1
Stack trace:
#0 /datadrive/cabling-webshop/wp-includes/template.php(792): require()
#1 /datadrive/cabling-webshop/wp-includes/template.php(725): load_template()
#2 /datadrive/cabling-webshop/wp-includes/general-template.php(206): locate_template()
#3 /datadrive/cabling-webshop/wp-content/themes/cabling/single-compound.php(19): get_template_part()
#4 /datadrive/cabling-webshop/wp-includes/template-loader.php(106): include('...')
#5 /datadrive/cabling-webshop/wp-blog-header.php(19): require_once('...')
#6 /datadrive/cabling-webshop/index.php(17): require('...')
#7 {main}
  thrown in /datadrive/cabling-webshop/wp-content/themes/cabling/template-parts/filter-compound.php on line 1

2023-12-28T07:55:09+00:00 CRITICAL Uncaught Error: Call to undefined function getCompoundRelated() in /datadrive/cabling-webshop/wp-content/themes/cabling/template-parts/filter-compound.php:1
Stack trace:
#0 /datadrive/cabling-webshop/wp-includes/template.php(792): require()
#1 /datadrive/cabling-webshop/wp-includes/template.php(725): load_template()
#2 /datadrive/cabling-webshop/wp-includes/general-template.php(206): locate_template()
#3 /datadrive/cabling-webshop/wp-content/themes/cabling/single-compound.php(19): get_template_part()
#4 /datadrive/cabling-webshop/wp-includes/template-loader.php(106): include('...')
#5 /datadrive/cabling-webshop/wp-blog-header.php(19): require_once('...')
#6 /datadrive/cabling-webshop/index.php(17): require('...')
#7 {main}
  thrown in /datadrive/cabling-webshop/wp-content/themes/cabling/template-parts/filter-compound.php on line 1

2023-12-28T07:55:11+00:00 CRITICAL Uncaught Error: Call to undefined function getCompoundRelated() in /datadrive/cabling-webshop/wp-content/themes/cabling/template-parts/filter-compound.php:1
Stack trace:
#0 /datadrive/cabling-webshop/wp-includes/template.php(792): require()
#1 /datadrive/cabling-webshop/wp-includes/template.php(725): load_template()
#2 /datadrive/cabling-webshop/wp-includes/general-template.php(206): locate_template()
#3 /datadrive/cabling-webshop/wp-content/themes/cabling/single-compound.php(19): get_template_part()
#4 /datadrive/cabling-webshop/wp-includes/template-loader.php(106): include('...')
#5 /datadrive/cabling-webshop/wp-blog-header.php(19): require_once('...')
#6 /datadrive/cabling-webshop/index.php(17): require('...')
#7 {main}
  thrown in /datadrive/cabling-webshop/wp-content/themes/cabling/template-parts/filter-compound.php on line 1

2023-12-28T07:55:22+00:00 CRITICAL Uncaught Error: Call to undefined function getCompoundRelated() in /datadrive/cabling-webshop/wp-content/themes/cabling/template-parts/filter-compound.php:1
Stack trace:
#0 /datadrive/cabling-webshop/wp-includes/template.php(792): require()
#1 /datadrive/cabling-webshop/wp-includes/template.php(725): load_template()
#2 /datadrive/cabling-webshop/wp-includes/general-template.php(206): locate_template()
#3 /datadrive/cabling-webshop/wp-content/themes/cabling/single-compound.php(19): get_template_part()
#4 /datadrive/cabling-webshop/wp-includes/template-loader.php(106): include('...')
#5 /datadrive/cabling-webshop/wp-blog-header.php(19): require_once('...')
#6 /datadrive/cabling-webshop/index.php(17): require('...')
#7 {main}
  thrown in /datadrive/cabling-webshop/wp-content/themes/cabling/template-parts/filter-compound.php on line 1

2023-12-28T07:55:24+00:00 CRITICAL Uncaught Error: Call to undefined function getCompoundRelated() in /datadrive/cabling-webshop/wp-content/themes/cabling/template-parts/filter-compound.php:1
Stack trace:
#0 /datadrive/cabling-webshop/wp-includes/template.php(792): require()
#1 /datadrive/cabling-webshop/wp-includes/template.php(725): load_template()
#2 /datadrive/cabling-webshop/wp-includes/general-template.php(206): locate_template()
#3 /datadrive/cabling-webshop/wp-content/themes/cabling/single-compound.php(19): get_template_part()
#4 /datadrive/cabling-webshop/wp-includes/template-loader.php(106): include('...')
#5 /datadrive/cabling-webshop/wp-blog-header.php(19): require_once('...')
#6 /datadrive/cabling-webshop/index.php(17): require('...')
#7 {main}
  thrown in /datadrive/cabling-webshop/wp-content/themes/cabling/template-parts/filter-compound.php on line 1

2023-12-28T10:20:55+00:00 CRITICAL Uncaught Error: Call to undefined method WC_Product_Simple::get_content() in /datadrive/cabling-webshop/wp-content/themes/cabling/template-parts/modal/compound-modal.php:13
Stack trace:
#0 /datadrive/cabling-webshop/wp-includes/template.php(792): require()
#1 /datadrive/cabling-webshop/wp-includes/template.php(725): load_template()
#2 /datadrive/cabling-webshop/wp-includes/general-template.php(206): locate_template()
#3 /datadrive/cabling-webshop/wp-content/themes/cabling/template-parts/compound-table.php(33): get_template_part()
#4 /datadrive/cabling-webshop/wp-includes/template.php(792): require('...')
#5 /datadrive/cabling-webshop/wp-includes/template.php(725): load_template()
#6 /datadrive/cabling-webshop/wp-includes/general-template.php(206): locate_template()
#7 /datadrive/cabling-webshop/wp-content/themes/cabling/single-compound.php(45): get_template_part()
#8 /datadrive/cabling-webshop/wp-includes/template-loader.php(106): include('...')
#9 /datadrive/cabling-webshop/wp-blog-header.php(19): require_once('...')
#10 /datadrive/cabling-webshop/index.php(17): require('...')
#11 {main}
  thrown in /datadrive/cabling-webshop/wp-content/themes/cabling/template-parts/modal/compound-modal.php on line 13

2023-12-28T10:21:01+00:00 CRITICAL Uncaught Error: Call to undefined method WC_Product_Simple::get_content() in /datadrive/cabling-webshop/wp-content/themes/cabling/template-parts/modal/compound-modal.php:13
Stack trace:
#0 /datadrive/cabling-webshop/wp-includes/template.php(792): require()
#1 /datadrive/cabling-webshop/wp-includes/template.php(725): load_template()
#2 /datadrive/cabling-webshop/wp-includes/general-template.php(206): locate_template()
#3 /datadrive/cabling-webshop/wp-content/themes/cabling/template-parts/compound-table.php(33): get_template_part()
#4 /datadrive/cabling-webshop/wp-includes/template.php(792): require('...')
#5 /datadrive/cabling-webshop/wp-includes/template.php(725): load_template()
#6 /datadrive/cabling-webshop/wp-includes/general-template.php(206): locate_template()
#7 /datadrive/cabling-webshop/wp-content/themes/cabling/single-compound.php(45): get_template_part()
#8 /datadrive/cabling-webshop/wp-includes/template-loader.php(106): include('...')
#9 /datadrive/cabling-webshop/wp-blog-header.php(19): require_once('...')
#10 /datadrive/cabling-webshop/index.php(17): require('...')
#11 {main}
  thrown in /datadrive/cabling-webshop/wp-content/themes/cabling/template-parts/modal/compound-modal.php on line 13

2023-12-28T10:21:43+00:00 CRITICAL Uncaught Error: Call to undefined method WC_Product_Simple::get_content() in /datadrive/cabling-webshop/wp-content/themes/cabling/template-parts/modal/compound-modal.php:2
Stack trace:
#0 /datadrive/cabling-webshop/wp-includes/template.php(792): require()
#1 /datadrive/cabling-webshop/wp-includes/template.php(725): load_template()
#2 /datadrive/cabling-webshop/wp-includes/general-template.php(206): locate_template()
#3 /datadrive/cabling-webshop/wp-content/themes/cabling/template-parts/compound-table.php(33): get_template_part()
#4 /datadrive/cabling-webshop/wp-includes/template.php(792): require('...')
#5 /datadrive/cabling-webshop/wp-includes/template.php(725): load_template()
#6 /datadrive/cabling-webshop/wp-includes/general-template.php(206): locate_template()
#7 /datadrive/cabling-webshop/wp-content/themes/cabling/single-compound.php(45): get_template_part()
#8 /datadrive/cabling-webshop/wp-includes/template-loader.php(106): include('...')
#9 /datadrive/cabling-webshop/wp-blog-header.php(19): require_once('...')
#10 /datadrive/cabling-webshop/index.php(17): require('...')
#11 {main}
  thrown in /datadrive/cabling-webshop/wp-content/themes/cabling/template-parts/modal/compound-modal.php on line 2

