2024-01-04T08:55:17+00:00 CRITICAL syntax error, unexpected '|', expecting variable (T_VARIABLE) in C:\OSPanel\domains\webshop.local.com\wp-content\themes\cabling\inc\icode-functions.php on line 1716

2024-01-04T08:55:18+00:00 CRITICAL syntax error, unexpected '|', expecting variable (T_VARIABLE) in C:\OSPanel\domains\webshop.local.com\wp-content\themes\cabling\inc\icode-functions.php on line 1716

2024-01-04T08:55:40+00:00 CRITICAL syntax error, unexpected '|', expecting variable (T_VARIABLE) in C:\OSPanel\domains\webshop.local.com\wp-content\themes\cabling\inc\icode-functions.php on line 1716

2024-01-04T08:55:41+00:00 CRITICAL syntax error, unexpected '|', expecting variable (T_VARIABLE) in C:\OSPanel\domains\webshop.local.com\wp-content\themes\cabling\inc\icode-functions.php on line 1716

2024-01-04T08:56:02+00:00 CRITICAL syntax error, unexpected '|', expecting variable (T_VARIABLE) in C:\OSPanel\domains\webshop.local.com\wp-content\themes\cabling\inc\icode-functions.php on line 1716

2024-01-04T08:56:03+00:00 CRITICAL syntax error, unexpected '|', expecting variable (T_VARIABLE) in C:\OSPanel\domains\webshop.local.com\wp-content\themes\cabling\inc\icode-functions.php on line 1716

2024-01-04T08:57:27+00:00 CRITICAL Uncaught TypeError: ltrim(): Argument #1 ($string) must be of type string, array given in C:\OSPanel\domains\webshop.local.com\wp-includes\formatting.php:4477
Stack trace:
#0 C:\OSPanel\domains\webshop.local.com\wp-includes\formatting.php(4477): ltrim()
#1 C:\OSPanel\domains\webshop.local.com\wp-content\themes\cabling\templates\homepage.php(39): esc_url()
#2 C:\OSPanel\domains\webshop.local.com\wp-includes\template-loader.php(106): include('C:\\OSPanel\\doma...')
#3 C:\OSPanel\domains\webshop.local.com\wp-blog-header.php(19): require_once('C:\\OSPanel\\doma...')
#4 C:\OSPanel\domains\webshop.local.com\index.php(17): require('C:\\OSPanel\\doma...')
#5 {main}
  thrown in C:\OSPanel\domains\webshop.local.com\wp-includes\formatting.php on line 4477

2024-01-04T08:57:32+00:00 CRITICAL Uncaught Error: Call to undefined method WP_Error::get_attributes() in C:\OSPanel\domains\webshop.local.com\wp-content\plugins\searchwp\includes\Entry.php:105
Stack trace:
#0 C:\OSPanel\domains\webshop.local.com\wp-content\plugins\searchwp\includes\Entry.php(67): SearchWP\Entry->update_data()
#1 C:\OSPanel\domains\webshop.local.com\wp-content\plugins\searchwp\includes\Indexer.php(251): SearchWP\Entry->__construct()
#2 C:\OSPanel\domains\webshop.local.com\wp-content\plugins\searchwp\includes\Indexer.php(149): SearchWP\Indexer->index_entries()
#3 C:\OSPanel\domains\webshop.local.com\wp-content\plugins\searchwp\includes\BackgroundProcess.php(291): SearchWP\Indexer->cycle()
#4 C:\OSPanel\domains\webshop.local.com\wp-content\plugins\searchwp\includes\Index\Controller.php(216): SearchWP\BackgroundProcess->trigger()
#5 C:\OSPanel\domains\webshop.local.com\wp-content\plugins\searchwp\includes\BackgroundProcess.php(304): SearchWP\Index\Controller->complete()
#6 C:\OSPanel\domains\webshop.local.com\wp-content\plugins\searchwp\includes\BackgroundProcess.php(174): SearchWP\BackgroundProcess->trigger()
#7 C:\OSPanel\domains\webshop.local.com\wp-includes\class-wp-hook.php(310): SearchWP\BackgroundProcess->health_check()
#8 C:\OSPanel\domains\webshop.local.com\wp-includes\class-wp-hook.php(334): WP_Hook->apply_filters()
#9 C:\OSPanel\domains\webshop.local.com\wp-includes\plugin.php(565): WP_Hook->do_action()
#10 C:\OSPanel\domains\webshop.local.com\wp-cron.php(191): do_action_ref_array()
#11 {main}
  thrown in C:\OSPanel\domains\webshop.local.com\wp-content\plugins\searchwp\includes\Entry.php in Zeile 105

2024-01-04T08:58:37+00:00 CRITICAL Uncaught Error: Call to undefined method WP_Error::get_name() in C:\OSPanel\domains\webshop.local.com\wp-content\plugins\searchwp\includes\Index\Controller.php:649
Stack trace:
#0 C:\OSPanel\domains\webshop.local.com\wp-content\plugins\searchwp\includes\Indexer.php(232): SearchWP\Index\Controller->mark_entry_as()
#1 C:\OSPanel\domains\webshop.local.com\wp-content\plugins\searchwp\includes\Indexer.php(149): SearchWP\Indexer->index_entries()
#2 C:\OSPanel\domains\webshop.local.com\wp-content\plugins\searchwp\includes\BackgroundProcess.php(291): SearchWP\Indexer->cycle()
#3 C:\OSPanel\domains\webshop.local.com\wp-content\plugins\searchwp\includes\BackgroundProcess.php(174): SearchWP\BackgroundProcess->trigger()
#4 C:\OSPanel\domains\webshop.local.com\wp-includes\class-wp-hook.php(310): SearchWP\BackgroundProcess->health_check()
#5 C:\OSPanel\domains\webshop.local.com\wp-includes\class-wp-hook.php(334): WP_Hook->apply_filters()
#6 C:\OSPanel\domains\webshop.local.com\wp-includes\plugin.php(565): WP_Hook->do_action()
#7 C:\OSPanel\domains\webshop.local.com\wp-cron.php(191): do_action_ref_array()
#8 {main}
  thrown in C:\OSPanel\domains\webshop.local.com\wp-content\plugins\searchwp\includes\Index\Controller.php on line 649

2024-01-04T08:58:44+00:00 CRITICAL Uncaught TypeError: ltrim(): Argument #1 ($string) must be of type string, array given in C:\OSPanel\domains\webshop.local.com\wp-includes\formatting.php:4477
Stack trace:
#0 C:\OSPanel\domains\webshop.local.com\wp-includes\formatting.php(4477): ltrim()
#1 C:\OSPanel\domains\webshop.local.com\wp-content\themes\cabling\templates\homepage.php(39): esc_url()
#2 C:\OSPanel\domains\webshop.local.com\wp-includes\template-loader.php(106): include('C:\\OSPanel\\doma...')
#3 C:\OSPanel\domains\webshop.local.com\wp-blog-header.php(19): require_once('C:\\OSPanel\\doma...')
#4 C:\OSPanel\domains\webshop.local.com\index.php(17): require('C:\\OSPanel\\doma...')
#5 {main}
  thrown in C:\OSPanel\domains\webshop.local.com\wp-includes\formatting.php on line 4477

2024-01-04T08:58:53+00:00 CRITICAL Uncaught TypeError: ltrim(): Argument #1 ($string) must be of type string, array given in C:\OSPanel\domains\webshop.local.com\wp-includes\formatting.php:4477
Stack trace:
#0 C:\OSPanel\domains\webshop.local.com\wp-includes\formatting.php(4477): ltrim()
#1 C:\OSPanel\domains\webshop.local.com\wp-content\themes\cabling\templates\homepage.php(39): esc_url()
#2 C:\OSPanel\domains\webshop.local.com\wp-includes\template-loader.php(106): include('C:\\OSPanel\\doma...')
#3 C:\OSPanel\domains\webshop.local.com\wp-blog-header.php(19): require_once('C:\\OSPanel\\doma...')
#4 C:\OSPanel\domains\webshop.local.com\index.php(17): require('C:\\OSPanel\\doma...')
#5 {main}
  thrown in C:\OSPanel\domains\webshop.local.com\wp-includes\formatting.php on line 4477

2024-01-04T08:58:54+00:00 CRITICAL Uncaught TypeError: ltrim(): Argument #1 ($string) must be of type string, array given in C:\OSPanel\domains\webshop.local.com\wp-includes\formatting.php:4477
Stack trace:
#0 C:\OSPanel\domains\webshop.local.com\wp-includes\formatting.php(4477): ltrim()
#1 C:\OSPanel\domains\webshop.local.com\wp-content\themes\cabling\templates\homepage.php(39): esc_url()
#2 C:\OSPanel\domains\webshop.local.com\wp-includes\template-loader.php(106): include('C:\\OSPanel\\doma...')
#3 C:\OSPanel\domains\webshop.local.com\wp-blog-header.php(19): require_once('C:\\OSPanel\\doma...')
#4 C:\OSPanel\domains\webshop.local.com\index.php(17): require('C:\\OSPanel\\doma...')
#5 {main}
  thrown in C:\OSPanel\domains\webshop.local.com\wp-includes\formatting.php on line 4477

2024-01-04T08:58:54+00:00 CRITICAL Uncaught TypeError: ltrim(): Argument #1 ($string) must be of type string, array given in C:\OSPanel\domains\webshop.local.com\wp-includes\formatting.php:4477
Stack trace:
#0 C:\OSPanel\domains\webshop.local.com\wp-includes\formatting.php(4477): ltrim()
#1 C:\OSPanel\domains\webshop.local.com\wp-content\themes\cabling\templates\homepage.php(39): esc_url()
#2 C:\OSPanel\domains\webshop.local.com\wp-includes\template-loader.php(106): include('C:\\OSPanel\\doma...')
#3 C:\OSPanel\domains\webshop.local.com\wp-blog-header.php(19): require_once('C:\\OSPanel\\doma...')
#4 C:\OSPanel\domains\webshop.local.com\index.php(17): require('C:\\OSPanel\\doma...')
#5 {main}
  thrown in C:\OSPanel\domains\webshop.local.com\wp-includes\formatting.php on line 4477

2024-01-04T08:58:56+00:00 CRITICAL Uncaught TypeError: ltrim(): Argument #1 ($string) must be of type string, array given in C:\OSPanel\domains\webshop.local.com\wp-includes\formatting.php:4477
Stack trace:
#0 C:\OSPanel\domains\webshop.local.com\wp-includes\formatting.php(4477): ltrim()
#1 C:\OSPanel\domains\webshop.local.com\wp-content\themes\cabling\templates\homepage.php(39): esc_url()
#2 C:\OSPanel\domains\webshop.local.com\wp-includes\template-loader.php(106): include('C:\\OSPanel\\doma...')
#3 C:\OSPanel\domains\webshop.local.com\wp-blog-header.php(19): require_once('C:\\OSPanel\\doma...')
#4 C:\OSPanel\domains\webshop.local.com\index.php(17): require('C:\\OSPanel\\doma...')
#5 {main}
  thrown in C:\OSPanel\domains\webshop.local.com\wp-includes\formatting.php on line 4477

2024-01-04T09:03:02+00:00 CRITICAL Uncaught Error: Call to undefined method WP_Error::get_name() in C:\OSPanel\domains\webshop.local.com\wp-content\plugins\searchwp\includes\Index\Controller.php:649
Stack trace:
#0 C:\OSPanel\domains\webshop.local.com\wp-content\plugins\searchwp\includes\Indexer.php(232): SearchWP\Index\Controller->mark_entry_as()
#1 C:\OSPanel\domains\webshop.local.com\wp-content\plugins\searchwp\includes\Indexer.php(149): SearchWP\Indexer->index_entries()
#2 C:\OSPanel\domains\webshop.local.com\wp-content\plugins\searchwp\includes\BackgroundProcess.php(291): SearchWP\Indexer->cycle()
#3 C:\OSPanel\domains\webshop.local.com\wp-content\plugins\searchwp\includes\Index\Controller.php(216): SearchWP\BackgroundProcess->trigger()
#4 C:\OSPanel\domains\webshop.local.com\wp-content\plugins\searchwp\includes\BackgroundProcess.php(304): SearchWP\Index\Controller->complete()
#5 C:\OSPanel\domains\webshop.local.com\wp-content\plugins\searchwp\includes\BackgroundProcess.php(174): SearchWP\BackgroundProcess->trigger()
#6 C:\OSPanel\domains\webshop.local.com\wp-includes\class-wp-hook.php(310): SearchWP\BackgroundProcess->health_check()
#7 C:\OSPanel\domains\webshop.local.com\wp-includes\class-wp-hook.php(334): WP_Hook->apply_filters()
#8 C:\OSPanel\domains\webshop.local.com\wp-includes\plugin.php(565): WP_Hook->do_action()
#9 C:\OSPanel\domains\webshop.local.com\wp-cron.php(191): do_action_ref_array()
#10 {main}
  thrown in C:\OSPanel\domains\webshop.local.com\wp-content\plugins\searchwp\includes\Index\Controller.php on line 649

2024-01-04T09:03:13+00:00 CRITICAL Uncaught Error: Call to undefined method WP_Error::get_name() in C:\OSPanel\domains\webshop.local.com\wp-content\plugins\searchwp\includes\Index\Controller.php:649
Stack trace:
#0 C:\OSPanel\domains\webshop.local.com\wp-content\plugins\searchwp\includes\Indexer.php(232): SearchWP\Index\Controller->mark_entry_as()
#1 C:\OSPanel\domains\webshop.local.com\wp-content\plugins\searchwp\includes\Indexer.php(149): SearchWP\Indexer->index_entries()
#2 C:\OSPanel\domains\webshop.local.com\wp-content\plugins\searchwp\includes\BackgroundProcess.php(291): SearchWP\Indexer->cycle()
#3 C:\OSPanel\domains\webshop.local.com\wp-content\plugins\searchwp\includes\BackgroundProcess.php(174): SearchWP\BackgroundProcess->trigger()
#4 C:\OSPanel\domains\webshop.local.com\wp-includes\class-wp-hook.php(310): SearchWP\BackgroundProcess->health_check()
#5 C:\OSPanel\domains\webshop.local.com\wp-includes\class-wp-hook.php(334): WP_Hook->apply_filters()
#6 C:\OSPanel\domains\webshop.local.com\wp-includes\plugin.php(565): WP_Hook->do_action()
#7 C:\OSPanel\domains\webshop.local.com\wp-cron.php(191): do_action_ref_array()
#8 {main}
  thrown in C:\OSPanel\domains\webshop.local.com\wp-content\plugins\searchwp\includes\Index\Controller.php on line 649

2024-01-04T09:08:01+00:00 CRITICAL Uncaught Error: Call to undefined method WP_Error::get_name() in C:\OSPanel\domains\webshop.local.com\wp-content\plugins\searchwp\includes\Index\Controller.php:649
Stack trace:
#0 C:\OSPanel\domains\webshop.local.com\wp-content\plugins\searchwp\includes\Indexer.php(232): SearchWP\Index\Controller->mark_entry_as()
#1 C:\OSPanel\domains\webshop.local.com\wp-content\plugins\searchwp\includes\Indexer.php(149): SearchWP\Indexer->index_entries()
#2 C:\OSPanel\domains\webshop.local.com\wp-content\plugins\searchwp\includes\BackgroundProcess.php(291): SearchWP\Indexer->cycle()
#3 C:\OSPanel\domains\webshop.local.com\wp-content\plugins\searchwp\includes\Index\Controller.php(216): SearchWP\BackgroundProcess->trigger()
#4 C:\OSPanel\domains\webshop.local.com\wp-content\plugins\searchwp\includes\BackgroundProcess.php(304): SearchWP\Index\Controller->complete()
#5 C:\OSPanel\domains\webshop.local.com\wp-content\plugins\searchwp\includes\BackgroundProcess.php(174): SearchWP\BackgroundProcess->trigger()
#6 C:\OSPanel\domains\webshop.local.com\wp-includes\class-wp-hook.php(310): SearchWP\BackgroundProcess->health_check()
#7 C:\OSPanel\domains\webshop.local.com\wp-includes\class-wp-hook.php(334): WP_Hook->apply_filters()
#8 C:\OSPanel\domains\webshop.local.com\wp-includes\plugin.php(565): WP_Hook->do_action()
#9 C:\OSPanel\domains\webshop.local.com\wp-cron.php(191): do_action_ref_array()
#10 {main}
  thrown in C:\OSPanel\domains\webshop.local.com\wp-content\plugins\searchwp\includes\Index\Controller.php on line 649

2024-01-04T09:09:06+00:00 CRITICAL Uncaught Error: Call to undefined method WP_Error::get_name() in C:\OSPanel\domains\webshop.local.com\wp-content\plugins\searchwp\includes\Index\Controller.php:649
Stack trace:
#0 C:\OSPanel\domains\webshop.local.com\wp-content\plugins\searchwp\includes\Indexer.php(232): SearchWP\Index\Controller->mark_entry_as()
#1 C:\OSPanel\domains\webshop.local.com\wp-content\plugins\searchwp\includes\Indexer.php(149): SearchWP\Indexer->index_entries()
#2 C:\OSPanel\domains\webshop.local.com\wp-content\plugins\searchwp\includes\BackgroundProcess.php(291): SearchWP\Indexer->cycle()
#3 C:\OSPanel\domains\webshop.local.com\wp-content\plugins\searchwp\includes\BackgroundProcess.php(174): SearchWP\BackgroundProcess->trigger()
#4 C:\OSPanel\domains\webshop.local.com\wp-includes\class-wp-hook.php(310): SearchWP\BackgroundProcess->health_check()
#5 C:\OSPanel\domains\webshop.local.com\wp-includes\class-wp-hook.php(334): WP_Hook->apply_filters()
#6 C:\OSPanel\domains\webshop.local.com\wp-includes\plugin.php(565): WP_Hook->do_action()
#7 C:\OSPanel\domains\webshop.local.com\wp-cron.php(191): do_action_ref_array()
#8 {main}
  thrown in C:\OSPanel\domains\webshop.local.com\wp-content\plugins\searchwp\includes\Index\Controller.php on line 649

2024-01-04T09:15:16+00:00 CRITICAL Uncaught Error: Class "Media_Library_Organizer_Tree_View_Admin" not found in C:\OSPanel\domains\webshop.local.com\wp-content\plugins\media-library-organizer\addons\tree-view\class-media-library-organizer-tree-view.php:101
Stack trace:
#0 C:\OSPanel\domains\webshop.local.com\wp-content\plugins\media-library-organizer\addons\tree-view\class-media-library-organizer-tree-view.php(81): Media_Library_Organizer_Tree_View->initialize_admin()
#1 C:\OSPanel\domains\webshop.local.com\wp-includes\class-wp-hook.php(310): Media_Library_Organizer_Tree_View->initialize()
#2 C:\OSPanel\domains\webshop.local.com\wp-includes\class-wp-hook.php(334): WP_Hook->apply_filters()
#3 C:\OSPanel\domains\webshop.local.com\wp-includes\plugin.php(517): WP_Hook->do_action()
#4 C:\OSPanel\domains\webshop.local.com\wp-settings.php(632): do_action()
#5 C:\OSPanel\domains\webshop.local.com\wp-config.php(97): require_once('C:\\OSPanel\\doma...')
#6 C:\OSPanel\domains\webshop.local.com\wp-load.php(50): require_once('C:\\OSPanel\\doma...')
#7 C:\OSPanel\domains\webshop.local.com\wp-admin\admin-ajax.php(22): require_once('C:\\OSPanel\\doma...')
#8 {main}
  thrown in C:\OSPanel\domains\webshop.local.com\wp-content\plugins\media-library-organizer\addons\tree-view\class-media-library-organizer-tree-view.php on line 101

2024-01-04T09:15:17+00:00 CRITICAL Uncaught Error: Class "Automattic\WooCommerce\Blocks\Patterns\PatternsHelper" not found in C:\OSPanel\domains\webshop.local.com\wp-content\plugins\woocommerce\packages\woocommerce-blocks\patterns\banner.php:50
Stack trace:
#0 C:\OSPanel\domains\webshop.local.com\wp-content\plugins\woocommerce\packages\woocommerce-blocks\src\BlockPatterns.php(180): include()
#1 C:\OSPanel\domains\webshop.local.com\wp-includes\class-wp-hook.php(310): Automattic\WooCommerce\Blocks\BlockPatterns->register_block_patterns()
#2 C:\OSPanel\domains\webshop.local.com\wp-includes\class-wp-hook.php(334): WP_Hook->apply_filters()
#3 C:\OSPanel\domains\webshop.local.com\wp-includes\plugin.php(517): WP_Hook->do_action()
#4 C:\OSPanel\domains\webshop.local.com\wp-settings.php(632): do_action()
#5 C:\OSPanel\domains\webshop.local.com\wp-config.php(97): require_once('C:\\OSPanel\\doma...')
#6 C:\OSPanel\domains\webshop.local.com\wp-load.php(50): require_once('C:\\OSPanel\\doma...')
#7 C:\OSPanel\domains\webshop.local.com\wp-admin\admin-ajax.php(22): require_once('C:\\OSPanel\\doma...')
#8 {main}
  thrown in C:\OSPanel\domains\webshop.local.com\wp-content\plugins\woocommerce\packages\woocommerce-blocks\patterns\banner.php on line 50

2024-01-04T09:35:11+00:00 CRITICAL Uncaught Error: Call to undefined method WC_Product_Query::have_posts() in C:\OSPanel\domains\webshop.local.com\wp-content\themes\cabling\woocommerce\archive-product.php:35
Stack trace:
#0 C:\OSPanel\domains\webshop.local.com\wp-includes\template-loader.php(106): include()
#1 C:\OSPanel\domains\webshop.local.com\wp-blog-header.php(19): require_once('C:\\OSPanel\\doma...')
#2 C:\OSPanel\domains\webshop.local.com\index.php(17): require('C:\\OSPanel\\doma...')
#3 {main}
  thrown in C:\OSPanel\domains\webshop.local.com\wp-content\themes\cabling\woocommerce\archive-product.php on line 35

