[2023-12-28 03:39:44] [index] Dropping post.product 1031759
[2023-12-28 03:39:44] [index] Dropping post.product 1031759
[2023-12-28 03:39:44] [indexer] Processing batch (1)
[2023-12-28 03:39:44] [indexer] Processing batch (1)
[2023-12-28 03:39:44] [indexer] Indexing post.product:1055056
[2023-12-28 03:39:44] [indexer] Indexing post.product:1055056
[2023-12-28 03:39:47] [index] Marking [1] post.product 1055056 as indexed
[2023-12-28 03:39:47] [index] Marking [1] post.product 1055056 as indexed
[2023-12-28 03:39:47] [indexer] Queued next batch (1)
[2023-12-28 03:39:47] [indexer] Queued next batch (1)
[2023-12-28 09:01:16] [index] Dropping post.product 1031759
[2023-12-28 09:01:16] [index] Dropping post.product 1031759
[2023-12-28 09:01:16] [indexer] Queued next batch (1)
[2023-12-28 09:01:16] [indexer] Queued next batch (1)
[2023-12-28 09:28:19] [index] Dropping post.product 1031759
[2023-12-28 09:28:19] [index] Dropping post.product 1031759
[2023-12-28 09:28:19] [indexer] Queued next batch (1)
[2023-12-28 09:28:19] [indexer] Queued next batch (1)
[2023-12-28 09:29:56] [index] Dropping post.product 1031751
[2023-12-28 09:29:56] [index] Dropping post.product 1031751
[2023-12-28 09:29:56] [indexer] Processing batch (1)
[2023-12-28 09:29:56] [indexer] Processing batch (1)
[2023-12-28 09:29:56] [indexer] Indexing post.product:1031759
[2023-12-28 09:29:56] [indexer] Indexing post.product:1031759
[2023-12-28 09:29:59] [index] Marking [1] post.product 1031759 as indexed
[2023-12-28 09:29:59] [index] Marking [1] post.product 1031759 as indexed
[2023-12-28 09:29:59] [indexer] Queued next batch (1)
[2023-12-28 09:29:59] [indexer] Queued next batch (1)
[2023-12-28 09:30:36] [index] Dropping post.product 1031748
[2023-12-28 09:30:36] [index] Dropping post.product 1031748
[2023-12-28 09:30:36] [indexer] Processing batch (1)
[2023-12-28 09:30:36] [indexer] Processing batch (1)
[2023-12-28 09:30:36] [indexer] Indexing post.product:1031751
[2023-12-28 09:30:36] [indexer] Indexing post.product:1031751
[2023-12-28 09:30:39] [index] Marking [1] post.product 1031751 as indexed
[2023-12-28 09:30:39] [index] Marking [1] post.product 1031751 as indexed
[2023-12-28 09:30:39] [indexer] Queued next batch (1)
[2023-12-28 09:30:39] [indexer] Queued next batch (1)
[2023-12-28 09:31:25] [index] Dropping post.product 1031745
[2023-12-28 09:31:25] [index] Dropping post.product 1031745
[2023-12-28 09:31:25] [indexer] Processing batch (1)
[2023-12-28 09:31:25] [indexer] Processing batch (1)
[2023-12-28 09:31:25] [indexer] Indexing post.product:1031748
[2023-12-28 09:31:25] [indexer] Indexing post.product:1031748
[2023-12-28 09:31:28] [index] Marking [1] post.product 1031748 as indexed
[2023-12-28 09:31:28] [index] Marking [1] post.product 1031748 as indexed
[2023-12-28 09:31:28] [indexer] Queued next batch (1)
[2023-12-28 09:31:28] [indexer] Queued next batch (1)
[2023-12-28 10:29:11] [index] Dropping post.product 1031759
[2023-12-28 10:29:11] [index] Dropping post.product 1031759
[2023-12-28 10:29:11] [indexer] Processing batch (1)
[2023-12-28 10:29:11] [indexer] Processing batch (1)
[2023-12-28 10:29:11] [indexer] Indexing post.product:1031745
[2023-12-28 10:29:11] [indexer] Indexing post.product:1031745
[2023-12-28 10:29:14] [index] Marking [1] post.product 1031745 as indexed
[2023-12-28 10:29:14] [index] Marking [1] post.product 1031745 as indexed
[2023-12-28 10:29:14] [indexer] Queued next batch (1)
[2023-12-28 10:29:14] [indexer] Queued next batch (1)
[2023-12-28 10:30:04] [index] Dropping post.product 1031759
[2023-12-28 10:30:04] [index] Dropping post.product 1031759
[2023-12-28 10:30:04] [indexer] Queued next batch (1)
[2023-12-28 10:30:04] [indexer] Queued next batch (1)
