[2023-10-19 01:20:32] [settings] Displaying options page
[2023-10-19 01:20:32] [utils] Potential WP-Cron issue detected (last health check was 7 days ago) ensure WP-Cron is running properly
[2023-10-19 01:20:37] [indexer] Processing batch (1)
[2023-10-19 01:20:37] [indexer] Indexing post.reference:124553
[2023-10-19 01:20:37] [index] Marking [1] post.reference 124553 as indexed
[2023-10-19 01:20:37] [indexer] Queued next batch (1)
[2023-10-19 01:20:44] [indexer] Processing batch (1)
[2023-10-19 01:20:44] [indexer] Indexing post.reference:124557
[2023-10-19 01:20:44] [index] Marking [1] post.reference 124557 as indexed
[2023-10-19 01:20:44] [indexer] Queued next batch (1)
[2023-10-19 06:50:42] [index] Dropping post.post 1032854
[2023-10-19 06:50:42] [indexer] Processing batch (1)
[2023-10-19 06:50:42] [indexer] Indexing post.reference:124558
[2023-10-19 06:50:42] [index] Marking [1] post.reference 124558 as indexed
[2023-10-19 06:50:42] [indexer] Queued next batch (1)
[2023-10-19 06:50:45] [index] Dropping post.post 1032854
[2023-10-19 06:50:45] [indexer] Processing batch (1)
[2023-10-19 06:50:45] [indexer] Indexing post.reference:124560
[2023-10-19 06:50:45] [index] Marking [1] post.reference 124560 as indexed
[2023-10-19 06:50:45] [indexer] Queued next batch (1)
[2023-10-19 06:58:48] [index] Dropping post.post 1032854
[2023-10-19 06:58:48] [indexer] Processing batch (1)
[2023-10-19 06:58:48] [indexer] Indexing post.reference:124571
[2023-10-19 06:58:48] [index] Marking [1] post.reference 124571 as indexed
[2023-10-19 06:58:48] [indexer] Queued next batch (1)
[2023-10-19 06:58:51] [index] Dropping post.post 1032854
[2023-10-19 06:58:51] [indexer] Processing batch (1)
[2023-10-19 06:58:51] [indexer] Indexing post.reference:124572
[2023-10-19 06:58:51] [index] Marking [1] post.reference 124572 as indexed
[2023-10-19 06:58:51] [indexer] Queued next batch (1)
[2023-10-19 09:35:50] [index] Dropping post.post 1032854
[2023-10-19 09:35:50] [indexer] Processing batch (1)
[2023-10-19 09:35:50] [indexer] Indexing post.reference:124576
[2023-10-19 09:35:50] [index] Marking [1] post.reference 124576 as indexed
[2023-10-19 09:35:50] [indexer] Queued next batch (1)
[2023-10-19 09:35:54] [index] Dropping post.post 1032854
[2023-10-19 09:35:54] [indexer] Processing batch (1)
[2023-10-19 09:35:54] [indexer] Indexing post.reference:124587
[2023-10-19 09:35:54] [index] Marking [1] post.reference 124587 as indexed
[2023-10-19 09:35:54] [indexer] Queued next batch (1)
