[2023-10-23 01:44:19] [settings] Displaying options page
[2023-10-23 01:44:19] [utils] Potential WP-Cron issue detected (last health check was 2 weeks ago) ensure WP-Cron is running properly
[2023-10-23 01:44:25] [indexer] Processing batch (1)
[2023-10-23 01:44:25] [indexer] Indexing post.reference:124590
[2023-10-23 01:44:25] [index] Marking [1] post.reference 124590 as indexed
[2023-10-23 01:44:25] [indexer] Queued next batch (1)
[2023-10-23 01:44:31] [indexer] Processing batch (1)
[2023-10-23 01:44:31] [indexer] Indexing post.reference:124601
[2023-10-23 01:44:31] [index] Marking [1] post.reference 124601 as indexed
[2023-10-23 01:44:31] [indexer] Queued next batch (1)
[2023-10-23 07:52:27] [query] Query for: in
[2023-10-23 07:52:27] [query] Arguments: engine: default (previously instantiated) mods: 0 site: all per_page: 20 page: 1 offset: 0 fields: ids
[2023-10-23 07:52:27] [query] Engine: default
[2023-10-23 07:52:27] [query] Tokens: 
[2023-10-23 07:52:27] [query] Mods: 34
[2023-10-23 07:52:27] [query] Request: 
[2023-10-23 07:52:27] [query] Results: 0 Pages of results: 1
[2023-10-23 07:52:27] [query] Execution time: 0.02180
[2023-10-23 07:52:36] [query] Query for: indus
[2023-10-23 07:52:36] [query] Arguments: engine: default (previously instantiated) mods: 0 site: all per_page: 20 page: 1 offset: 0 fields: ids
[2023-10-23 07:52:36] [query] Engine: default
[2023-10-23 07:52:36] [query] Tokens: industry, industries, industriale, industria 4, industria4, industrial, industriali, industria industrial-ethernet-ip67-konnektivität industrialethernetip67konnektivität industrie & produkt
[2023-10-23 07:52:36] [query] Mods: 34
[2023-10-23 07:52:36] [query] Using OR logic
[2023-10-23 07:52:36] [query] Found results using: or logic
[2023-10-23 07:52:36] [query] Request: SELECT SQL_CALC_FOUND_ROWS s.id,s.source,s.site,SUM(relevance)  AS relevance FROM (SELECT s.id,s.source,s.site,s.attribute,((SUM(s.occurrences) * CASE WHEN ( (s.source IN ('post.product','post.company_news','post.company_press','post.partner','post.datwyler_contact','post.service','post.application','post.event','post.training','post.company','post.seminar','post.contact_worldwide','post.download','post.faq','post.reference','post.post') AND (s.attribute IN ('title'))) OR (s.source = 'post.product' AND (s.attribute IN ('meta.searchwp_skus'))) OR (s.source = 'post.company_news' AND (s.attribute IN ('slug'))) OR (s.source = 'post.company_press' AND (s.attribute IN ('slug'))) OR (s.source = 'post.partner' AND (s.attribute IN ('slug'))) OR (s.source = 'post.datwyler_contact' AND (s.attribute IN ('slug'))) OR (s.source = 'post.service' AND (s.attribute IN ('slug'))) OR (s.source = 'post.application' AND (s.attribute IN ('slug'))) OR (s.source = 'post.event' AND (s.attribute IN ('slug'))) OR (s.source = 'post.training' AND (s.attribute IN ('slug'))) OR (s.source = 'post.company' AND (s.attribute IN ('slug'))) OR (s.source = 'post.company' AND (s.attribute IN ('excerpt'))) OR (s.source = 'post.seminar' AND (s.attribute IN ('slug'))) OR (s.source = 'post.contact_worldwide' AND (s.attribute IN ('slug'))) OR (s.source = 'post.download' AND (s.attribute IN ('slug'))) OR (s.source = 'post.faq' AND (s.attribute IN ('slug'))) OR (s.source = 'post.reference' AND (s.attribute IN ('slug'))) OR (s.source = 'post.post' AND (s.attribute IN ('content'))) ) THEN 300 WHEN ( (s.source = 'post.product' AND (s.attribute IN ('content'))) OR (s.source = 'post.company_news' AND (s.attribute IN ('content'))) OR (s.source = 'post.company_press' AND (s.attribute IN ('content'))) OR (s.source = 'post.partner' AND (s.attribute IN ('content'))) OR (s.source = 'post.datwyler_contact' AND (s.attribute IN ('content'))) OR (s.source = 'post.service' AND (s.attribute IN ('content'))) OR (s.source = 'post.application' AND (s.attribute IN ('content'))) OR (s.source = 'post.event' AND (s.attribute IN ('content'))) OR (s.source = 'post.training' AND (s.attribute IN ('content'))) OR (s.source = 'post.company' AND (s.attribute IN ('content'))) OR (s.source = 'post.seminar' AND (s.attribute IN ('content'))) OR (s.source = 'post.contact_worldwide' AND (s.attribute IN ('content'))) OR (s.source = 'post.download' AND (s.attribute IN ('content'))) OR (s.source = 'post.faq' AND (s.attribute IN ('content'))) OR (s.source = 'post.reference' AND (s.attribute IN ('content'))) OR (s.source = 'post.post' AND (s.attribute IN ('slug'))) OR (s.source = 'post.post' AND (s.attribute IN ('excerpt'))) ) THEN 1 WHEN ( (s.source = 'post.product' AND (s.attribute IN ('slug'))) OR (s.source = 'post.product' AND (s.attribute IN ('excerpt'))) OR (s.source = 'post.company_news' AND (s.attribute IN ('excerpt'))) OR (s.source = 'post.company_press' AND (s.attribute IN ('excerpt'))) OR (s.source = 'post.partner' AND (s.attribute IN ('excerpt'))) OR (s.source = 'post.datwyler_contact' AND (s.attribute IN ('excerpt'))) OR (s.source = 'post.service' AND (s.attribute IN ('excerpt'))) OR (s.source = 'post.application' AND (s.attribute IN ('excerpt'))) OR (s.source = 'post.event' AND (s.attribute IN ('excerpt'))) OR (s.source = 'post.training' AND (s.attribute IN ('excerpt'))) OR (s.source = 'post.seminar' AND (s.attribute IN ('excerpt'))) OR (s.source = 'post.contact_worldwide' AND (s.attribute IN ('excerpt'))) OR (s.source = 'post.download' AND (s.attribute IN ('excerpt'))) OR (s.source = 'post.faq' AND (s.attribute IN ('excerpt'))) OR (s.source = 'post.reference' AND (s.attribute IN ('excerpt'))) ) THEN 150 END)  ) AS relevance FROM ws_searchwp_index s LEFT JOIN ws_posts s1 ON (s1.ID = s.id) LEFT JOIN ws_posts AS swpwcposts ON swpwcposts.ID = s.id LEFT JOIN ws_posts swpwpml1 ON swpwpml1.ID = s.id LEFT JOIN ws_icl_translations swpwpmlicl1 ON ( swpwpmlicl1.element_id = swpwpml1.ID AND swpwpmlicl1.element_type = CONCAT('post_', swpwpml1.post_type) ) WHERE 1=1 AND 1=1 AND s.token IN (865,1229,19536,25677,25679,24,13320,0) AND ( ! ( s.site = 1 AND s.source = 'post.product' ) OR (s.site = 1 AND s.source = 'post.product' AND 1=1 AND ( ( swpwpml1.post_type != 'attachment' AND ( swpwpmlicl1.language_code = 'en' OR swpwpmlicl1.language_code IS NULL ) ) OR ( swpwpml1.post_type = 'attachment' AND swpwpmlicl1.language_code = 'en' ) ) )) AND ( ! ( s.site = 1 AND s.source = 'post.company_news' ) OR (s.site = 1 AND s.source = 'post.company_news' AND 1=1 AND ( ( swpwpml1.post_type != 'attachment' AND ( swpwpmlicl1.language_code = 'en' OR swpwpmlicl1.language_code IS NULL ) ) OR ( swpwpml1.post_type = 'attachment' AND swpwpmlicl1.language_code = 'en' ) ) )) AND ( ! ( s.site = 1 AND s.source = 'post.company_press' ) OR (s.site = 1 AND s.source = 'post.company_press' AND 1=1 AND ( ( swpwpml1.post_type != 'attachment' AND ( swpwpmlicl1.language_code = 'en' OR swpwpmlicl1.language_code IS NULL ) ) OR ( swpwpml1.post_type = 'attachment' AND swpwpmlicl1.language_code = 'en' ) ) )) AND ( ! ( s.site = 1 AND s.source = 'post.partner' ) OR (s.site = 1 AND s.source = 'post.partner' AND 1=1 AND ( ( swpwpml1.post_type != 'attachment' AND ( swpwpmlicl1.language_code = 'en' OR swpwpmlicl1.language_code IS NULL ) ) OR ( swpwpml1.post_type = 'attachment' AND swpwpmlicl1.language_code = 'en' ) ) )) AND ( ! ( s.site = 1 AND s.source = 'post.datwyler_contact' ) OR (s.site = 1 AND s.source = 'post.datwyler_contact' AND 1=1 AND ( ( swpwpml1.post_type != 'attachment' AND ( swpwpmlicl1.language_code = 'en' OR swpwpmlicl1.language_code IS NULL ) ) OR ( swpwpml1.post_type = 'attachment' AND swpwpmlicl1.language_code = 'en' ) ) )) AND ( ! ( s.site = 1 AND s.source = 'post.service' ) OR (s.site = 1 AND s.source = 'post.service' AND 1=1 AND ( ( swpwpml1.post_type != 'attachment' AND ( swpwpmlicl1.language_code = 'en' OR swpwpmlicl1.language_code IS NULL ) ) OR ( swpwpml1.post_type = 'attachment' AND swpwpmlicl1.language_code = 'en' ) ) )) AND ( ! ( s.site = 1 AND s.source = 'post.application' ) OR (s.site = 1 AND s.source = 'post.application' AND 1=1 AND ( ( swpwpml1.post_type != 'attachment' AND ( swpwpmlicl1.language_code = 'en' OR swpwpmlicl1.language_code IS NULL ) ) OR ( swpwpml1.post_type = 'attachment' AND swpwpmlicl1.language_code = 'en' ) ) )) AND ( ! ( s.site = 1 AND s.source = 'post.event' ) OR (s.site = 1 AND s.source = 'post.event' AND 1=1 AND ( ( swpwpml1.post_type != 'attachment' AND ( swpwpmlicl1.language_code = 'en' OR swpwpmlicl1.language_code IS NULL ) ) OR ( swpwpml1.post_type = 'attachment' AND swpwpmlicl1.language_code = 'en' ) ) )) AND ( ! ( s.site = 1 AND s.source = 'post.training' ) OR (s.site = 1 AND s.source = 'post.training' AND 1=1 AND ( ( swpwpml1.post_type != 'attachment' AND ( swpwpmlicl1.language_code = 'en' OR swpwpmlicl1.language_code IS NULL ) ) OR ( swpwpml1.post_type = 'attachment' AND swpwpmlicl1.language_code = 'en' ) ) )) AND ( ! ( s.site = 1 AND s.source = 'post.company' ) OR (s.site = 1 AND s.source = 'post.company' AND 1=1 AND ( ( swpwpml1.post_type != 'attachment' AND ( swpwpmlicl1.language_code = 'en' OR swpwpmlicl1.language_code IS NULL ) ) OR ( swpwpml1.post_type = 'attachment' AND swpwpmlicl1.language_code = 'en' ) ) )) AND ( ! ( s.site = 1 AND s.source = 'post.seminar' ) OR (s.site = 1 AND s.source = 'post.seminar' AND 1=1 AND ( ( swpwpml1.post_type != 'attachment' AND ( swpwpmlicl1.language_code = 'en' OR swpwpmlicl1.language_code IS NULL ) ) OR ( swpwpml1.post_type = 'attachment' AND swpwpmlicl1.language_code = 'en' ) ) )) AND ( ! ( s.site = 1 AND s.source = 'post.contact_worldwide' ) OR (s.site = 1 AND s.source = 'post.contact_worldwide' AND 1=1 AND ( ( swpwpml1.post_type != 'attachment' AND ( swpwpmlicl1.language_code = 'en' OR swpwpmlicl1.language_code IS NULL ) ) OR ( swpwpml1.post_type = 'attachment' AND swpwpmlicl1.language_code = 'en' ) ) )) AND ( ! ( s.site = 1 AND s.source = 'post.download' ) OR (s.site = 1 AND s.source = 'post.download' AND 1=1 AND ( ( swpwpml1.post_type != 'attachment' AND ( swpwpmlicl1.language_code = 'en' OR swpwpmlicl1.language_code IS NULL ) ) OR ( swpwpml1.post_type = 'attachment' AND swpwpmlicl1.language_code = 'en' ) ) )) AND ( ! ( s.site = 1 AND s.source = 'post.faq' ) OR (s.site = 1 AND s.source = 'post.faq' AND 1=1 AND ( ( swpwpml1.post_type != 'attachment' AND ( swpwpmlicl1.language_code = 'en' OR swpwpmlicl1.language_code IS NULL ) ) OR ( swpwpml1.post_type = 'attachment' AND swpwpmlicl1.language_code = 'en' ) ) )) AND ( ! ( s.site = 1 AND s.source = 'post.reference' ) OR (s.site = 1 AND s.source = 'post.reference' AND 1=1 AND ( ( swpwpml1.post_type != 'attachment' AND ( swpwpmlicl1.language_code = 'en' OR swpwpmlicl1.language_code IS NULL ) ) OR ( swpwpml1.post_type = 'attachment' AND swpwpmlicl1.language_code = 'en' ) ) )) AND ( ! ( s.site = 1 AND s.source = 'post.post' ) OR (s.site = 1 AND s.source = 'post.post' AND 1=1 AND ( ( swpwpml1.post_type != 'attachment' AND ( swpwpmlicl1.language_code = 'en' OR swpwpmlicl1.language_code IS NULL ) ) OR ( swpwpml1.post_type = 'attachment' AND swpwpmlicl1.language_code = 'en' ) ) )) AND ((s.source = 'post.product' AND (s.attribute IN ('title','content','slug','excerpt','meta.searchwp_skus')) AND ( ( `s1`.`post_type` = 'product' ) AND ( `s1`.`post_status` IN ( 'publish', 'closed', 'acf-disabled', 'wc-confirming-order' ) ) )) OR (s.source = 'post.company_news' AND (s.attribute IN ('title','content','slug','excerpt')) AND ( ( `s1`.`post_type` = 'company_news' ) AND ( `s1`.`post_status` IN ( 'publish', 'closed', 'acf-disabled', 'wc-confirming-order' ) ) )) OR (s.source = 'post.company_press' AND (s.attribute IN ('title','content','slug','excerpt')) AND ( ( `s1`.`post_type` = 'company_press' ) AND ( `s1`.`post_status` IN ( 'publish', 'closed', 'acf-disabled', 'wc-confirming-order' ) ) )) OR (s.source = 'post.partner' AND (s.attribute IN ('title','content','slug','excerpt')) AND ( ( `s1`.`post_type` = 'partner' ) AND ( `s1`.`post_status` IN ( 'publish', 'closed', 'acf-disabled', 'wc-confirming-order' ) ) )) OR (s.source = 'post.datwyler_contact' AND (s.attribute IN ('title','content','slug','excerpt')) AND ( ( `s1`.`post_type` = 'datwyler_contact' ) AND ( `s1`.`post_status` IN ( 'publish', 'closed', 'acf-disabled', 'wc-confirming-order' ) ) )) OR (s.source = 'post.service' AND (s.attribute IN ('title','content','slug','excerpt')) AND ( ( `s1`.`post_type` = 'service' ) AND ( `s1`.`post_status` IN ( 'publish', 'closed', 'acf-disabled', 'wc-confirming-order' ) ) )) OR (s.source = 'post.application' AND (s.attribute IN ('title','content','slug','excerpt')) AND ( ( `s1`.`post_type` = 'application' ) AND ( `s1`.`post_status` IN ( 'publish', 'closed', 'acf-disabled', 'wc-confirming-order' ) ) )) OR (s.source = 'post.event' AND (s.attribute IN ('title','content','slug','excerpt')) AND ( ( `s1`.`post_type` = 'event' ) AND ( `s1`.`post_status` IN ( 'publish', 'closed', 'acf-disabled', 'wc-confirming-order' ) ) )) OR (s.source = 'post.training' AND (s.attribute IN ('title','content','slug','excerpt')) AND ( ( `s1`.`post_type` = 'training' ) AND ( `s1`.`post_status` IN ( 'publish', 'closed', 'acf-disabled', 'wc-confirming-order' ) ) )) OR (s.source = 'post.company' AND (s.attribute IN ('title','content','slug','excerpt')) AND ( ( `s1`.`post_type` = 'company' ) AND ( `s1`.`post_status` IN ( 'publish', 'closed', 'acf-disabled', 'wc-confirming-order' ) ) )) OR (s.source = 'post.seminar' AND (s.attribute IN ('title','content','slug','excerpt')) AND ( ( `s1`.`post_type` = 'seminar' ) AND ( `s1`.`post_status` IN ( 'publish', 'closed', 'acf-disabled', 'wc-confirming-order' ) ) )) OR (s.source = 'post.contact_worldwide' AND (s.attribute IN ('title','content','slug','excerpt')) AND ( ( `s1`.`post_type` = 'contact_worldwide' ) AND ( `s1`.`post_status` IN ( 'publish', 'closed', 'acf-disabled', 'wc-confirming-order' ) ) )) OR (s.source = 'post.download' AND (s.attribute IN ('title','content','slug','excerpt')) AND ( ( `s1`.`post_type` = 'download' ) AND ( `s1`.`post_status` IN ( 'publish', 'closed', 'acf-disabled', 'wc-confirming-order' ) ) )) OR (s.source = 'post.faq' AND (s.attribute IN ('title','content','slug','excerpt')) AND ( ( `s1`.`post_type` = 'faq' ) AND ( `s1`.`post_status` IN ( 'publish', 'closed', 'acf-disabled', 'wc-confirming-order' ) ) )) OR (s.source = 'post.reference' AND (s.attribute IN ('title','content','slug','excerpt')) AND ( ( `s1`.`post_type` = 'reference' ) AND ( `s1`.`post_status` IN ( 'publish', 'closed', 'acf-disabled', 'wc-confirming-order' ) ) )) OR (s.source = 'post.post' AND (s.attribute IN ('title','content','slug','excerpt')) AND ( ( `s1`.`post_type` = 'post' ) AND ( `s1`.`post_status` IN ( 'publish', 'closed', 'acf-disabled', 'wc-confirming-order' ) ) ))) GROUP BY s.site,s.source,s.attribute,s.id) AS s LEFT JOIN ws_posts s1 ON (s1.ID = s.id) LEFT JOIN ws_posts AS swpwcposts ON swpwcposts.ID = s.id  LEFT JOIN ws_posts swpwpml1 ON swpwpml1.ID = s.id  LEFT JOIN ws_icl_translations swpwpmlicl1 ON ( swpwpmlicl1.element_id = swpwpml1.ID AND swpwpmlicl1.element_type = CONCAT('post_', swpwpml1.post_type) ) WHERE 1=1 AND (SUBSTRING(s.source, 1, 5) != 'post.' OR (SUBSTRING(s.source, 1, 5) = 'post.' AND s.id != '0')) GROUP BY s.site, s.source, s.id HAVING relevance > 0 ORDER BY relevance DESC LIMIT 0, 20
[2023-10-23 07:52:36] [query] Results: 33 Pages of results: 2
[2023-10-23 07:52:36] [query] Execution time: 0.12623
[2023-10-23 10:05:17] [index] Dropping post.datwyler_contact 523751
[2023-10-23 10:05:17] [indexer] Processing batch (1)
[2023-10-23 10:05:17] [indexer] Indexing post.reference:124602
[2023-10-23 10:05:17] [index] Marking [1] post.reference 124602 as indexed
[2023-10-23 10:05:18] [indexer] Queued next batch (1)
[2023-10-23 10:05:18] [index] Dropping post.datwyler_contact 758609
[2023-10-23 10:05:18] [indexer] Processing batch (1)
[2023-10-23 10:05:18] [indexer] Indexing post.reference:124604
[2023-10-23 10:05:18] [index] Marking [1] post.reference 124604 as indexed
[2023-10-23 10:05:18] [indexer] Queued next batch (1)
[2023-10-23 10:05:18] [index] Dropping post.datwyler_contact 1029789
[2023-10-23 10:05:18] [indexer] Processing batch (1)
[2023-10-23 10:05:18] [indexer] Indexing post.reference:124615
[2023-10-23 10:05:18] [index] Marking [1] post.reference 124615 as indexed
[2023-10-23 10:05:18] [indexer] Queued next batch (1)
[2023-10-23 10:05:18] [index] Dropping post.datwyler_contact 199047
[2023-10-23 10:05:18] [indexer] Processing batch (1)
[2023-10-23 10:05:18] [indexer] Indexing post.reference:124616
[2023-10-23 10:05:18] [index] Marking [1] post.reference 124616 as indexed
[2023-10-23 10:05:18] [indexer] Queued next batch (1)
[2023-10-23 10:05:18] [index] Dropping post.datwyler_contact 198756
[2023-10-23 10:05:18] [indexer] Processing batch (1)
[2023-10-23 10:05:18] [indexer] Indexing post.reference:124618
[2023-10-23 10:05:18] [index] Marking [1] post.reference 124618 as indexed
[2023-10-23 10:05:19] [indexer] Queued next batch (1)
[2023-10-23 10:05:19] [index] Dropping post.datwyler_contact 523758
[2023-10-23 10:05:19] [indexer] Processing batch (1)
[2023-10-23 10:05:19] [indexer] Indexing post.reference:124630
[2023-10-23 10:05:19] [index] Marking [1] post.reference 124630 as indexed
[2023-10-23 10:05:19] [indexer] Queued next batch (1)
[2023-10-23 10:05:19] [index] Dropping post.datwyler_contact 673531
[2023-10-23 10:05:19] [indexer] Processing batch (1)
[2023-10-23 10:05:19] [indexer] Indexing post.reference:124631
[2023-10-23 10:05:19] [index] Marking [1] post.reference 124631 as indexed
[2023-10-23 10:05:19] [indexer] Queued next batch (1)
[2023-10-23 10:05:19] [index] Dropping post.datwyler_contact 670838
[2023-10-23 10:05:19] [indexer] Processing batch (1)
[2023-10-23 10:05:19] [indexer] Indexing post.reference:124643
[2023-10-23 10:05:19] [index] Marking [1] post.reference 124643 as indexed
[2023-10-23 10:05:19] [indexer] Queued next batch (1)
[2023-10-23 10:05:19] [index] Dropping post.datwyler_contact 412999
[2023-10-23 10:05:19] [indexer] Processing batch (1)
[2023-10-23 10:05:19] [indexer] Indexing post.reference:204571
[2023-10-23 10:05:20] [index] Marking [1] post.reference 204571 as indexed
[2023-10-23 10:05:20] [indexer] Queued next batch (1)
[2023-10-23 10:05:20] [index] Dropping post.datwyler_contact 560700
[2023-10-23 10:05:20] [indexer] Processing batch (1)
[2023-10-23 10:05:20] [indexer] Indexing post.reference:204572
[2023-10-23 10:05:20] [index] Marking [1] post.reference 204572 as indexed
[2023-10-23 10:05:20] [indexer] Queued next batch (1)
[2023-10-23 10:05:20] [index] Dropping post.datwyler_contact 198823
[2023-10-23 10:05:20] [indexer] Processing batch (1)
[2023-10-23 10:05:20] [indexer] Indexing post.reference:124648
[2023-10-23 10:05:20] [index] Marking [1] post.reference 124648 as indexed
[2023-10-23 10:05:20] [indexer] Queued next batch (1)
[2023-10-23 10:05:20] [index] Dropping post.datwyler_contact 198864
[2023-10-23 10:05:20] [indexer] Processing batch (1)
[2023-10-23 10:05:20] [indexer] Indexing post.reference:124659
[2023-10-23 10:05:20] [index] Marking [1] post.reference 124659 as indexed
[2023-10-23 10:05:20] [indexer] Queued next batch (1)
[2023-10-23 10:05:20] [index] Dropping post.datwyler_contact 198639
[2023-10-23 10:05:20] [indexer] Processing batch (1)
[2023-10-23 10:05:20] [indexer] Indexing post.reference:124660
[2023-10-23 10:05:20] [index] Marking [1] post.reference 124660 as indexed
[2023-10-23 10:05:21] [indexer] Queued next batch (1)
[2023-10-23 10:05:21] [index] Dropping post.datwyler_contact 199149
[2023-10-23 10:05:21] [indexer] Processing batch (1)
[2023-10-23 10:05:21] [indexer] Indexing post.reference:124662
[2023-10-23 10:05:21] [index] Marking [1] post.reference 124662 as indexed
[2023-10-23 10:05:21] [indexer] Queued next batch (1)
[2023-10-23 10:05:21] [index] Dropping post.datwyler_contact 199161
[2023-10-23 10:05:21] [indexer] Processing batch (1)
[2023-10-23 10:05:21] [indexer] Indexing post.reference:124673
[2023-10-23 10:05:21] [index] Marking [1] post.reference 124673 as indexed
[2023-10-23 10:05:21] [indexer] Queued next batch (1)
[2023-10-23 10:05:21] [index] Dropping post.datwyler_contact 198705
[2023-10-23 10:05:21] [indexer] Processing batch (1)
[2023-10-23 10:05:21] [indexer] Indexing post.reference:124674
[2023-10-23 10:05:21] [index] Marking [1] post.reference 124674 as indexed
[2023-10-23 10:05:21] [indexer] Queued next batch (1)
[2023-10-23 10:05:22] [index] Dropping post.datwyler_contact 556692
[2023-10-23 10:05:22] [indexer] Processing batch (1)
[2023-10-23 10:05:22] [indexer] Indexing post.reference:124689
[2023-10-23 10:05:22] [index] Marking [1] post.reference 124689 as indexed
[2023-10-23 10:05:22] [indexer] Queued next batch (1)
[2023-10-23 10:05:22] [index] Dropping post.datwyler_contact 198881
[2023-10-23 10:05:22] [indexer] Processing batch (1)
[2023-10-23 10:05:22] [indexer] Indexing post.reference:124691
[2023-10-23 10:05:22] [index] Marking [1] post.reference 124691 as indexed
[2023-10-23 10:05:22] [indexer] Queued next batch (1)
[2023-10-23 10:05:22] [index] Dropping post.datwyler_contact 198973
[2023-10-23 10:05:22] [indexer] Processing batch (1)
[2023-10-23 10:05:22] [indexer] Indexing post.reference:124702
[2023-10-23 10:05:22] [index] Marking [1] post.reference 124702 as indexed
[2023-10-23 10:05:22] [indexer] Queued next batch (1)
[2023-10-23 10:05:22] [index] Dropping post.datwyler_contact 198999
[2023-10-23 10:05:22] [indexer] Processing batch (1)
[2023-10-23 10:05:22] [indexer] Indexing post.reference:124703
[2023-10-23 10:05:22] [index] Marking [1] post.reference 124703 as indexed
[2023-10-23 10:05:22] [indexer] Queued next batch (1)
[2023-10-23 16:31:22] [index] Dropping post.product 1033484
[2023-10-23 16:31:22] [indexer] Processing batch (1)
[2023-10-23 16:31:22] [indexer] Indexing post.reference:124705
[2023-10-23 16:31:22] [index] Marking [1] post.reference 124705 as indexed
[2023-10-23 16:31:22] [indexer] Queued next batch (1)
[2023-10-23 16:32:37] [index] Dropping post.product 1033484
[2023-10-23 16:32:37] [indexer] Queued next batch (1)
[2023-10-23 16:43:49] [index] Dropping post.product 1034367
[2023-10-23 16:43:49] [indexer] Processing batch (1)
[2023-10-23 16:43:49] [indexer] Indexing post.product:1033484
[2023-10-23 16:43:49] [index] Marking [1] post.product 1033484 as indexed
[2023-10-23 16:43:49] [indexer] Queued next batch (1)
[2023-10-23 17:04:34] [index] Dropping post.product 1033484
[2023-10-23 17:04:34] [indexer] Processing batch (1)
[2023-10-23 17:04:34] [indexer] Indexing post.reference:124716
[2023-10-23 17:04:34] [index] Marking [1] post.reference 124716 as indexed
[2023-10-23 17:04:34] [indexer] Queued next batch (1)
