[2023-09-28 08:17:13] [index] Marking post.service 183 to be dropped
[2023-09-28 08:19:19] [index] Marking post.service 840300 to be dropped
[2023-09-28 08:19:19] [index] Marking post.service 290270 to be dropped
[2023-09-28 08:19:19] [index] Marking post.service 560579 to be dropped
[2023-09-28 08:19:20] [index] Marking post.service 560665 to be dropped
[2023-09-28 08:19:20] [index] Marking post.service 560671 to be dropped
[2023-09-28 08:19:20] [index] Marking post.service 560677 to be dropped
[2023-09-28 08:19:20] [index] Marking post.service 174 to be dropped
[2023-09-28 08:19:20] [index] Marking post.service 128782 to be dropped
[2023-09-28 08:19:20] [index] Marking post.service 130269 to be dropped
[2023-09-28 08:19:20] [index] Marking post.service 176 to be dropped
[2023-09-28 08:19:20] [index] Marking post.service 148984 to be dropped
[2023-09-28 08:19:21] [index] Marking post.service 178 to be dropped
[2023-09-28 08:19:21] [index] Marking post.service 180 to be dropped
[2023-09-28 08:19:21] [index] Marking post.service 185 to be dropped
[2023-09-28 08:31:43] [index] Marking post.service 130274 to be dropped
[2023-09-28 08:31:43] [index] Marking post.service 130275 to be dropped
[2023-09-28 08:31:43] [index] Marking post.service 130272 to be dropped
[2023-09-28 08:31:43] [index] Marking post.service 130271 to be dropped
[2023-09-28 08:31:43] [index] Marking post.service 130273 to be dropped
[2023-09-28 08:31:43] [index] Marking post.service 130270 to be dropped
[2023-09-28 08:33:41] [index] Marking post.service 187 to be dropped
[2023-09-28 08:35:04] [index] Marking post.service 148209 to be dropped
[2023-09-28 10:45:45] [index] Marking post.product 1032775 to be dropped
[2023-09-28 10:47:24] [query] Query for: foru
[2023-09-28 10:47:24] [query] Arguments: engine: default mods: 0 site: all per_page: 12 page: 1 offset: 0 fields: all
[2023-09-28 10:47:24] [query] Engine: default
[2023-09-28 10:47:24] [query] Tokens: 
[2023-09-28 10:47:24] [query] Mods: 32
[2023-09-28 10:47:24] [query] Request: 
[2023-09-28 10:47:24] [query] Results: 0 Pages of results: 1
[2023-09-28 10:47:24] [query] Execution time: 0.05221
[2023-09-28 10:47:25] [query] Query for: forum
[2023-09-28 10:47:25] [query] Arguments: engine: default mods: 0 site: all per_page: 12 page: 1 offset: 0 fields: all
[2023-09-28 10:47:25] [query] Engine: default
[2023-09-28 10:47:25] [query] Tokens: 
[2023-09-28 10:47:25] [query] Mods: 32
[2023-09-28 10:47:25] [query] Request: 
[2023-09-28 10:47:25] [query] Results: 0 Pages of results: 1
[2023-09-28 10:47:25] [query] Execution time: 0.01459
[2023-09-28 10:47:25] [query] Query for: forum
[2023-09-28 10:47:25] [query] Arguments: engine: default mods: 0 site: all per_page: 12 page: 1 offset: 0 fields: all
[2023-09-28 10:47:25] [query] Engine: default
[2023-09-28 10:47:25] [query] Tokens: 
[2023-09-28 10:47:25] [query] Mods: 32
[2023-09-28 10:47:25] [query] Request: 
[2023-09-28 10:47:25] [query] Results: 0 Pages of results: 1
[2023-09-28 10:47:25] [query] Execution time: 0.01469
[2023-09-28 10:47:25] [query] Query for: forum
[2023-09-28 10:47:25] [query] Arguments: engine: default mods: 0 site: all per_page: 12 page: 1 offset: 0 fields: all
[2023-09-28 10:47:25] [query] Engine: default
[2023-09-28 10:47:25] [query] Tokens: 
[2023-09-28 10:47:25] [query] Mods: 32
[2023-09-28 10:47:25] [query] Request: 
[2023-09-28 10:47:25] [query] Results: 0 Pages of results: 1
[2023-09-28 10:47:25] [query] Execution time: 0.01259
[2023-09-28 10:49:45] [index] Marking post.product 1032768 to be dropped
[2023-09-28 10:50:04] [index] Marking post.product 1032768 to be dropped
[2023-09-28 10:52:52] [index] Marking post.product 1032761 to be dropped
[2023-09-28 10:53:58] [index] Marking post.product 1032754 to be dropped
[2023-09-28 10:57:23] [index] Marking post.product 1031775 to be dropped
[2023-09-28 10:58:53] [index] Marking post.product 1031779 to be dropped
[2023-09-28 10:59:30] [index] Marking post.product 1031782 to be dropped
[2023-09-28 11:01:50] [index] Marking post.product 1031751 to be dropped
[2023-09-28 13:16:40] [index] Marking post.product 1032747 to be dropped
[2023-09-28 13:21:11] [index] Marking post.product 1032768 to be dropped
[2023-09-28 13:23:06] [index] Marking post.product 1032747 to be dropped
[2023-09-28 13:26:11] [index] Marking post.product 1032740 to be dropped
[2023-09-28 13:26:59] [index] Marking post.product 1032768 to be dropped
[2023-09-28 13:28:48] [index] Marking post.product 1032684 to be dropped
[2023-09-28 13:29:29] [index] Marking post.product 1032677 to be dropped
[2023-09-28 13:29:57] [index] Marking post.product 1032670 to be dropped
[2023-09-28 13:30:11] [index] Marking post.product 1032663 to be dropped
[2023-09-28 13:30:25] [index] Marking post.product 1032656 to be dropped
[2023-09-28 13:30:42] [index] Marking post.product 1032649 to be dropped
[2023-09-28 13:30:58] [index] Marking post.product 1032642 to be dropped
[2023-09-28 13:31:12] [index] Marking post.product 1031735 to be dropped
[2023-09-28 13:31:28] [index] Marking post.product 1031737 to be dropped
[2023-09-28 13:31:51] [index] Marking post.product 1031745 to be dropped
[2023-09-28 13:33:33] [index] Marking post.product 1032691 to be dropped
[2023-09-28 13:33:46] [index] Marking post.product 1032698 to be dropped
[2023-09-28 13:33:59] [index] Marking post.product 1032705 to be dropped
[2023-09-28 13:35:57] [index] Marking post.product 1032733 to be dropped
[2023-09-28 13:36:18] [index] Marking post.product 1032726 to be dropped
[2023-09-28 13:36:44] [index] Marking post.product 1032719 to be dropped
[2023-09-28 13:37:02] [index] Marking post.product 1032712 to be dropped
[2023-09-28 13:37:19] [index] Marking post.product 1032740 to be dropped
[2023-09-28 13:38:42] [index] Marking post.product 1032747 to be dropped
[2023-09-28 13:38:47] [index] Marking post.product 1032930 to be dropped
[2023-09-28 13:38:51] [index] Marking post.product 1032931 to be dropped
[2023-09-28 13:38:53] [index] Marking post.product 1032932 to be dropped
[2023-09-28 13:38:56] [index] Marking post.product 1032933 to be dropped
[2023-09-28 13:38:59] [index] Marking post.product 1032934 to be dropped
[2023-09-28 13:39:01] [index] Marking post.product 1032935 to be dropped
[2023-09-28 13:39:04] [index] Marking post.product 1032936 to be dropped
[2023-09-28 13:39:42] [index] Marking post.product 1032930 to be dropped
[2023-09-28 13:40:53] [index] Marking post.product 1032754 to be dropped
[2023-09-28 13:41:05] [index] Marking post.product 1032761 to be dropped
[2023-09-28 13:42:29] [index] Marking post.product 1032775 to be dropped
[2023-09-28 13:44:34] [index] Marking post.product 1031775 to be dropped
[2023-09-28 13:44:45] [index] Marking post.product 1031779 to be dropped
[2023-09-28 13:44:58] [index] Marking post.product 1031782 to be dropped
[2023-09-28 13:46:28] [index] Marking post.product 1032160 to be dropped
[2023-09-28 13:46:48] [index] Marking post.product 1031759 to be dropped
[2023-09-28 13:47:35] [index] Marking post.product 1031751 to be dropped
[2023-09-28 13:50:41] [index] Marking post.product 1031748 to be dropped
