[2023-09-18 07:58:17] [query] Query for: cu
[2023-09-18 07:58:17] [query] Arguments: engine: default mods: 0 site: all per_page: 12 page: 1 offset: 0 fields: all
[2023-09-18 07:58:17] [query] Engine: default
[2023-09-18 07:58:17] [query] Tokens: 
[2023-09-18 07:58:17] [query] Mods: 32
[2023-09-18 07:58:17] [query] Request: 
[2023-09-18 07:58:17] [query] Results: 0 Pages of results: 1
[2023-09-18 07:58:17] [query] Execution time: 0.06161
[2023-09-18 07:58:17] [query] Query for: cu
[2023-09-18 07:58:17] [query] Arguments: engine: default mods: 0 site: all per_page: 12 page: 1 offset: 0 fields: all
[2023-09-18 07:58:17] [query] Engine: default
[2023-09-18 07:58:17] [query] Tokens: 
[2023-09-18 07:58:17] [query] Mods: 32
[2023-09-18 07:58:17] [query] Request: 
[2023-09-18 07:58:17] [query] Results: 0 Pages of results: 1
[2023-09-18 07:58:17] [query] Execution time: 0.01568
[2023-09-18 07:58:18] [query] Query for: cu rate
[2023-09-18 07:58:18] [query] Arguments: engine: default mods: 0 site: all per_page: 12 page: 1 offset: 0 fields: all
[2023-09-18 07:58:18] [query] Engine: default
[2023-09-18 07:58:18] [query] Tokens: 
[2023-09-18 07:58:18] [query] Mods: 32
[2023-09-18 07:58:18] [query] Request: 
[2023-09-18 07:58:18] [query] Results: 0 Pages of results: 1
[2023-09-18 07:58:18] [query] Execution time: 0.01608
[2023-09-18 07:58:18] [query] Query for: cu rate
[2023-09-18 07:58:19] [query] Arguments: engine: default mods: 0 site: all per_page: 12 page: 1 offset: 0 fields: all
[2023-09-18 07:58:19] [query] Engine: default
[2023-09-18 07:58:19] [query] Tokens: 
[2023-09-18 07:58:19] [query] Mods: 32
[2023-09-18 07:58:19] [query] Request: 
[2023-09-18 07:58:19] [query] Results: 0 Pages of results: 1
[2023-09-18 07:58:19] [query] Execution time: 0.01486
[2023-09-18 07:58:19] [query] Query for: cu rate
[2023-09-18 07:58:19] [query] Arguments: engine: default mods: 0 site: all per_page: 12 page: 1 offset: 0 fields: all
[2023-09-18 07:58:19] [query] Engine: default
[2023-09-18 07:58:19] [query] Tokens: 
[2023-09-18 07:58:19] [query] Mods: 32
[2023-09-18 07:58:19] [query] Request: 
[2023-09-18 07:58:19] [query] Results: 0 Pages of results: 1
[2023-09-18 07:58:19] [query] Execution time: 0.01759
[2023-09-18 07:58:22] [query] Query for: cu r
[2023-09-18 07:58:22] [query] Arguments: engine: default mods: 0 site: all per_page: 12 page: 1 offset: 0 fields: all
[2023-09-18 07:58:22] [query] Engine: default
[2023-09-18 07:58:22] [query] Tokens: 
[2023-09-18 07:58:22] [query] Mods: 32
[2023-09-18 07:58:22] [query] Request: 
[2023-09-18 07:58:22] [query] Results: 0 Pages of results: 1
[2023-09-18 07:58:22] [query] Execution time: 0.01460
[2023-09-18 07:58:22] [query] Query for: cu
[2023-09-18 07:58:22] [query] Arguments: engine: default mods: 0 site: all per_page: 12 page: 1 offset: 0 fields: all
[2023-09-18 07:58:22] [query] Engine: default
[2023-09-18 07:58:22] [query] Tokens: 
[2023-09-18 07:58:22] [query] Mods: 32
[2023-09-18 07:58:22] [query] Request: 
[2023-09-18 07:58:22] [query] Results: 0 Pages of results: 1
[2023-09-18 07:58:22] [query] Execution time: 0.01432
[2023-09-18 07:58:23] [query] Query for: cu
[2023-09-18 07:58:23] [query] Arguments: engine: default mods: 0 site: all per_page: 12 page: 1 offset: 0 fields: all
[2023-09-18 07:58:23] [query] Engine: default
[2023-09-18 07:58:23] [query] Tokens: 
[2023-09-18 07:58:23] [query] Mods: 32
[2023-09-18 07:58:23] [query] Request: 
[2023-09-18 07:58:23] [query] Results: 0 Pages of results: 1
[2023-09-18 07:58:23] [query] Execution time: 0.01535
[2023-09-18 07:58:23] [query] Query for: cu
[2023-09-18 07:58:23] [query] Arguments: engine: default mods: 0 site: all per_page: 12 page: 1 offset: 0 fields: all
[2023-09-18 07:58:23] [query] Engine: default
[2023-09-18 07:58:23] [query] Tokens: 
[2023-09-18 07:58:23] [query] Mods: 32
[2023-09-18 07:58:23] [query] Request: 
[2023-09-18 07:58:23] [query] Results: 0 Pages of results: 1
[2023-09-18 07:58:23] [query] Execution time: 0.01546
[2023-09-18 07:58:26] [query] Query for: 7706
[2023-09-18 07:58:26] [query] Arguments: engine: default mods: 0 site: all per_page: 12 page: 1 offset: 0 fields: all
[2023-09-18 07:58:26] [query] Engine: default
[2023-09-18 07:58:26] [query] Tokens: 
[2023-09-18 07:58:26] [query] Mods: 32
[2023-09-18 07:58:26] [query] Request: 
[2023-09-18 07:58:26] [query] Results: 0 Pages of results: 1
[2023-09-18 07:58:26] [query] Execution time: 0.01819
[2023-09-18 07:58:26] [query] Query for: 7706
[2023-09-18 07:58:26] [query] Arguments: engine: default mods: 0 site: all per_page: 12 page: 1 offset: 0 fields: all
[2023-09-18 07:58:26] [query] Engine: default
[2023-09-18 07:58:26] [query] Tokens: 
[2023-09-18 07:58:26] [query] Mods: 32
[2023-09-18 07:58:26] [query] Request: 
[2023-09-18 07:58:26] [query] Results: 0 Pages of results: 1
[2023-09-18 07:58:26] [query] Execution time: 0.01532
[2023-09-18 07:58:26] [query] Query for: 7706
[2023-09-18 07:58:26] [query] Arguments: engine: default mods: 0 site: all per_page: 12 page: 1 offset: 0 fields: all
[2023-09-18 07:58:26] [query] Engine: default
[2023-09-18 07:58:26] [query] Tokens: 
[2023-09-18 07:58:26] [query] Mods: 32
[2023-09-18 07:58:26] [query] Request: 
[2023-09-18 07:58:26] [query] Results: 0 Pages of results: 1
[2023-09-18 07:58:26] [query] Execution time: 0.01384
[2023-09-18 07:58:31] [query] Query for: cable
[2023-09-18 07:58:31] [query] Arguments: engine: default mods: 0 site: all per_page: 12 page: 1 offset: 0 fields: all
[2023-09-18 07:58:31] [query] Engine: default
[2023-09-18 07:58:31] [query] Tokens: 
[2023-09-18 07:58:31] [query] Mods: 32
[2023-09-18 07:58:31] [query] Request: 
[2023-09-18 07:58:31] [query] Results: 0 Pages of results: 1
[2023-09-18 07:58:31] [query] Execution time: 0.01779
[2023-09-18 07:58:32] [query] Query for: cable
[2023-09-18 07:58:32] [query] Arguments: engine: default mods: 0 site: all per_page: 12 page: 1 offset: 0 fields: all
[2023-09-18 07:58:32] [query] Engine: default
[2023-09-18 07:58:32] [query] Tokens: 
[2023-09-18 07:58:32] [query] Mods: 32
[2023-09-18 07:58:32] [query] Request: 
[2023-09-18 07:58:32] [query] Results: 0 Pages of results: 1
[2023-09-18 07:58:32] [query] Execution time: 0.01757
[2023-09-18 07:58:32] [query] Query for: cable
[2023-09-18 07:58:32] [query] Arguments: engine: default mods: 0 site: all per_page: 12 page: 1 offset: 0 fields: all
[2023-09-18 07:58:32] [query] Engine: default
[2023-09-18 07:58:32] [query] Tokens: 
[2023-09-18 07:58:32] [query] Mods: 32
[2023-09-18 07:58:32] [query] Request: 
[2023-09-18 07:58:32] [query] Results: 0 Pages of results: 1
[2023-09-18 07:58:32] [query] Execution time: 0.01419
[2023-09-18 07:58:32] [query] Query for: cable
[2023-09-18 07:58:32] [query] Arguments: engine: default mods: 0 site: all per_page: 12 page: 1 offset: 0 fields: all
[2023-09-18 07:58:32] [query] Engine: default
[2023-09-18 07:58:32] [query] Tokens: 
[2023-09-18 07:58:32] [query] Mods: 32
[2023-09-18 07:58:32] [query] Request: 
[2023-09-18 07:58:32] [query] Results: 0 Pages of results: 1
[2023-09-18 07:58:32] [query] Execution time: 0.01412
[2023-09-18 08:39:05] [index] Marking post.product 1031782 to be dropped
[2023-09-18 08:42:45] [index] Marking post.product 1031782 to be dropped
