[2023-09-11 02:41:47] [query] Query for: minhtua
[2023-09-11 02:41:47] [query] Arguments: engine: default mods: 0 site: all per_page: 12 page: 1 offset: 0 fields: all
[2023-09-11 02:41:47] [query] Engine: default
[2023-09-11 02:41:47] [query] Tokens: 
[2023-09-11 02:41:47] [query] Mods: 32
[2023-09-11 02:41:47] [query] Request: 
[2023-09-11 02:41:47] [query] Results: 0 Pages of results: 1
[2023-09-11 02:41:47] [query] Execution time: 0.05674
[2023-09-11 02:41:47] [query] Query for: minhtuan20
[2023-09-11 02:41:47] [query] Arguments: engine: default mods: 0 site: all per_page: 12 page: 1 offset: 0 fields: all
[2023-09-11 02:41:47] [query] Engine: default
[2023-09-11 02:41:47] [query] Tokens: 
[2023-09-11 02:41:47] [query] Mods: 32
[2023-09-11 02:41:47] [query] Request: 
[2023-09-11 02:41:47] [query] Results: 0 Pages of results: 1
[2023-09-11 02:41:47] [query] Execution time: 0.01689
[2023-09-11 02:41:48] [query] Query for: minhtuan20
[2023-09-11 02:41:48] [query] Arguments: engine: default mods: 0 site: all per_page: 12 page: 1 offset: 0 fields: all
[2023-09-11 02:41:48] [query] Engine: default
[2023-09-11 02:41:48] [query] Tokens: 
[2023-09-11 02:41:48] [query] Mods: 32
[2023-09-11 02:41:48] [query] Request: 
[2023-09-11 02:41:48] [query] Results: 0 Pages of results: 1
[2023-09-11 02:41:48] [query] Execution time: 0.01647
[2023-09-11 02:41:48] [query] Query for: minhtuan2010!
[2023-09-11 02:41:48] [query] Arguments: engine: default mods: 0 site: all per_page: 12 page: 1 offset: 0 fields: all
[2023-09-11 02:41:48] [query] Engine: default
[2023-09-11 02:41:48] [query] Tokens: 
[2023-09-11 02:41:48] [query] Mods: 32
[2023-09-11 02:41:48] [query] Request: 
[2023-09-11 02:41:48] [query] Results: 0 Pages of results: 1
[2023-09-11 02:41:48] [query] Execution time: 0.01747
[2023-09-11 02:41:48] [query] Query for: minhtuan2010!
[2023-09-11 02:41:48] [query] Arguments: engine: default mods: 0 site: all per_page: 12 page: 1 offset: 0 fields: all
[2023-09-11 02:41:48] [query] Engine: default
[2023-09-11 02:41:48] [query] Tokens: 
[2023-09-11 02:41:48] [query] Mods: 32
[2023-09-11 02:41:48] [query] Request: 
[2023-09-11 02:41:48] [query] Results: 0 Pages of results: 1
[2023-09-11 02:41:48] [query] Execution time: 0.01978
[2023-09-11 02:41:49] [query] Query for: minhtuan2010!
[2023-09-11 02:41:49] [query] Arguments: engine: default mods: 0 site: all per_page: 12 page: 1 offset: 0 fields: all
[2023-09-11 02:41:49] [query] Engine: default
[2023-09-11 02:41:49] [query] Tokens: 
[2023-09-11 02:41:49] [query] Mods: 32
[2023-09-11 02:41:49] [query] Request: 
[2023-09-11 02:41:49] [query] Results: 0 Pages of results: 1
[2023-09-11 02:41:49] [query] Execution time: 0.01575
[2023-09-11 02:41:49] [query] Query for: minhtuan2010!
[2023-09-11 02:41:49] [query] Arguments: engine: default mods: 0 site: all per_page: 12 page: 1 offset: 0 fields: all
[2023-09-11 02:41:49] [query] Engine: default
[2023-09-11 02:41:49] [query] Tokens: 
[2023-09-11 02:41:49] [query] Mods: 32
[2023-09-11 02:41:49] [query] Request: 
[2023-09-11 02:41:49] [query] Results: 0 Pages of results: 1
[2023-09-11 02:41:49] [query] Execution time: 0.01542
[2023-09-11 14:41:05] [query] Query for: c
[2023-09-11 14:41:05] [query] Arguments: engine: default mods: 0 site: all per_page: 12 page: 1 offset: 0 fields: all
[2023-09-11 14:41:05] [query] Engine: default
[2023-09-11 14:41:05] [query] Tokens: 
[2023-09-11 14:41:05] [query] Mods: 32
[2023-09-11 14:41:05] [query] Request: 
[2023-09-11 14:41:05] [query] Results: 0 Pages of results: 1
[2023-09-11 14:41:05] [query] Execution time: 0.07342
[2023-09-11 14:41:05] [query] Query for: cu 77
[2023-09-11 14:41:05] [query] Arguments: engine: default mods: 0 site: all per_page: 12 page: 1 offset: 0 fields: all
[2023-09-11 14:41:05] [query] Engine: default
[2023-09-11 14:41:05] [query] Tokens: 
[2023-09-11 14:41:05] [query] Mods: 32
[2023-09-11 14:41:05] [query] Request: 
[2023-09-11 14:41:05] [query] Results: 0 Pages of results: 1
[2023-09-11 14:41:05] [query] Execution time: 0.01697
[2023-09-11 14:41:06] [query] Query for: cu 77
[2023-09-11 14:41:06] [query] Arguments: engine: default mods: 0 site: all per_page: 12 page: 1 offset: 0 fields: all
[2023-09-11 14:41:06] [query] Engine: default
[2023-09-11 14:41:06] [query] Tokens: 
[2023-09-11 14:41:06] [query] Mods: 32
[2023-09-11 14:41:06] [query] Request: 
[2023-09-11 14:41:06] [query] Results: 0 Pages of results: 1
[2023-09-11 14:41:06] [query] Execution time: 0.02357
[2023-09-11 14:41:06] [query] Query for: cu 770
[2023-09-11 14:41:06] [query] Arguments: engine: default mods: 0 site: all per_page: 12 page: 1 offset: 0 fields: all
[2023-09-11 14:41:06] [query] Engine: default
[2023-09-11 14:41:06] [query] Tokens: 
[2023-09-11 14:41:06] [query] Mods: 32
[2023-09-11 14:41:06] [query] Request: 
[2023-09-11 14:41:06] [query] Results: 0 Pages of results: 1
[2023-09-11 14:41:06] [query] Execution time: 0.01650
[2023-09-11 14:41:06] [query] Query for: cu 770
[2023-09-11 14:41:06] [query] Arguments: engine: default mods: 0 site: all per_page: 12 page: 1 offset: 0 fields: all
[2023-09-11 14:41:06] [query] Engine: default
[2023-09-11 14:41:06] [query] Tokens: 
[2023-09-11 14:41:06] [query] Mods: 32
[2023-09-11 14:41:06] [query] Request: 
[2023-09-11 14:41:06] [query] Results: 0 Pages of results: 1
[2023-09-11 14:41:06] [query] Execution time: 0.01847
[2023-09-11 14:41:07] [query] Query for: cu 7706
[2023-09-11 14:41:07] [query] Arguments: engine: default mods: 0 site: all per_page: 12 page: 1 offset: 0 fields: all
[2023-09-11 14:41:07] [query] Engine: default
[2023-09-11 14:41:07] [query] Tokens: 
[2023-09-11 14:41:07] [query] Mods: 32
[2023-09-11 14:41:07] [query] Request: 
[2023-09-11 14:41:07] [query] Results: 0 Pages of results: 1
[2023-09-11 14:41:07] [query] Execution time: 0.01715
[2023-09-11 14:41:08] [query] Query for: cu 7706
[2023-09-11 14:41:08] [query] Arguments: engine: default mods: 0 site: all per_page: 12 page: 1 offset: 0 fields: all
[2023-09-11 14:41:08] [query] Engine: default
[2023-09-11 14:41:08] [query] Tokens: 
[2023-09-11 14:41:08] [query] Mods: 32
[2023-09-11 14:41:08] [query] Request: 
[2023-09-11 14:41:08] [query] Results: 0 Pages of results: 1
[2023-09-11 14:41:08] [query] Execution time: 0.01460
[2023-09-11 14:41:08] [query] Query for: cu 7706
[2023-09-11 14:41:08] [query] Arguments: engine: default mods: 0 site: all per_page: 12 page: 1 offset: 0 fields: all
[2023-09-11 14:41:08] [query] Engine: default
[2023-09-11 14:41:08] [query] Tokens: 
[2023-09-11 14:41:08] [query] Mods: 32
[2023-09-11 14:41:08] [query] Request: 
[2023-09-11 14:41:08] [query] Results: 0 Pages of results: 1
[2023-09-11 14:41:08] [query] Execution time: 0.01833
[2023-09-11 14:41:09] [query] Query for: cu 7706
[2023-09-11 14:41:09] [query] Arguments: engine: default mods: 0 site: all per_page: 12 page: 1 offset: 0 fields: all
[2023-09-11 14:41:09] [query] Engine: default
[2023-09-11 14:41:09] [query] Tokens: 
[2023-09-11 14:41:09] [query] Mods: 32
[2023-09-11 14:41:09] [query] Request: 
[2023-09-11 14:41:09] [query] Results: 0 Pages of results: 1
[2023-09-11 14:41:09] [query] Execution time: 0.01660
[2023-09-11 23:38:03] [settings] Displaying options page
