[2023-12-25 10:32:12] [index] Dropping post.post 1072868
[2023-12-25 10:32:12] [index] Dropping post.post 1072868
[2023-12-25 10:32:12] [indexer] Processing batch (1)
[2023-12-25 10:32:12] [indexer] Processing batch (1)
[2023-12-25 10:32:12] [indexer] Indexing post.product:1054984
[2023-12-25 10:32:12] [indexer] Indexing post.product:1054984
[2023-12-25 10:32:15] [index] Marking [1] post.product 1054984 as indexed
[2023-12-25 10:32:15] [index] Marking [1] post.product 1054984 as indexed
[2023-12-25 10:32:15] [indexer] Queued next batch (1)
[2023-12-25 10:32:15] [indexer] Queued next batch (1)
[2023-12-25 10:37:22] [index] Dropping post.post 1072870
[2023-12-25 10:37:22] [index] Dropping post.post 1072870
[2023-12-25 10:37:22] [indexer] Processing batch (1)
[2023-12-25 10:37:22] [indexer] Processing batch (1)
[2023-12-25 10:37:22] [indexer] Indexing post.product:1066510
[2023-12-25 10:37:22] [indexer] Indexing post.product:1066510
[2023-12-25 10:37:24] [index] Marking [1] post.product 1066510 as indexed
[2023-12-25 10:37:24] [index] Marking [1] post.product 1066510 as indexed
[2023-12-25 10:37:24] [indexer] Queued next batch (1)
[2023-12-25 10:37:24] [indexer] Queued next batch (1)
