[2023-12-26 07:41:42] [index] Dropping post.product 1066132
[2023-12-26 07:41:42] [index] Dropping post.product 1066132
[2023-12-26 07:41:42] [indexer] Processing batch (1)
[2023-12-26 07:41:42] [indexer] Processing batch (1)
[2023-12-26 07:41:42] [indexer] Indexing post.product:1066512
[2023-12-26 07:41:42] [indexer] Indexing post.product:1066512
[2023-12-26 07:41:45] [index] Marking [1] post.product 1066512 as indexed
[2023-12-26 07:41:45] [index] Marking [1] post.product 1066512 as indexed
[2023-12-26 07:41:45] [indexer] Queued next batch (1)
[2023-12-26 07:41:45] [indexer] Queued next batch (1)
[2023-12-26 07:42:10] [index] Dropping post.product 1066128
[2023-12-26 07:42:10] [index] Dropping post.product 1066128
[2023-12-26 07:42:10] [indexer] Processing batch (1)
[2023-12-26 07:42:10] [indexer] Processing batch (1)
[2023-12-26 07:42:10] [indexer] Indexing post.product:1054986
[2023-12-26 07:42:10] [indexer] Indexing post.product:1054986
[2023-12-26 07:42:12] [index] Marking [1] post.product 1054986 as indexed
[2023-12-26 07:42:12] [index] Marking [1] post.product 1054986 as indexed
[2023-12-26 07:42:12] [indexer] Queued next batch (1)
[2023-12-26 07:42:12] [indexer] Queued next batch (1)
[2023-12-26 07:42:45] [index] Dropping post.product 1066124
[2023-12-26 07:42:45] [index] Dropping post.product 1066124
[2023-12-26 07:42:45] [indexer] Processing batch (1)
[2023-12-26 07:42:45] [indexer] Processing batch (1)
[2023-12-26 07:42:45] [indexer] Indexing post.product:1054988
[2023-12-26 07:42:45] [indexer] Indexing post.product:1054988
[2023-12-26 07:42:48] [index] Marking [1] post.product 1054988 as indexed
[2023-12-26 07:42:48] [index] Marking [1] post.product 1054988 as indexed
[2023-12-26 07:42:48] [indexer] Queued next batch (1)
[2023-12-26 07:42:48] [indexer] Queued next batch (1)
[2023-12-26 07:59:35] [index] Dropping post.product 1066120
[2023-12-26 07:59:35] [index] Dropping post.product 1066120
[2023-12-26 07:59:35] [indexer] Processing batch (1)
[2023-12-26 07:59:35] [indexer] Processing batch (1)
[2023-12-26 07:59:35] [indexer] Indexing post.product:1054990
[2023-12-26 07:59:35] [indexer] Indexing post.product:1054990
[2023-12-26 07:59:38] [index] Marking [1] post.product 1054990 as indexed
[2023-12-26 07:59:38] [index] Marking [1] post.product 1054990 as indexed
[2023-12-26 07:59:38] [indexer] Queued next batch (1)
[2023-12-26 07:59:38] [indexer] Queued next batch (1)
[2023-12-26 08:00:10] [index] Dropping post.product 1066116
[2023-12-26 08:00:10] [index] Dropping post.product 1066116
[2023-12-26 08:00:10] [indexer] Processing batch (1)
[2023-12-26 08:00:10] [indexer] Processing batch (1)
[2023-12-26 08:00:10] [indexer] Indexing post.product:1054992
[2023-12-26 08:00:10] [indexer] Indexing post.product:1054992
[2023-12-26 08:00:13] [index] Marking [1] post.product 1054992 as indexed
[2023-12-26 08:00:13] [index] Marking [1] post.product 1054992 as indexed
[2023-12-26 08:00:13] [indexer] Queued next batch (1)
[2023-12-26 08:00:13] [indexer] Queued next batch (1)
[2023-12-26 08:00:21] [index] Dropping post.product 1066112
[2023-12-26 08:00:21] [index] Dropping post.product 1066112
[2023-12-26 08:00:21] [indexer] Processing batch (1)
[2023-12-26 08:00:21] [indexer] Processing batch (1)
[2023-12-26 08:00:21] [indexer] Indexing post.product:1054994
[2023-12-26 08:00:21] [indexer] Indexing post.product:1054994
[2023-12-26 08:00:24] [index] Marking [1] post.product 1054994 as indexed
[2023-12-26 08:00:24] [index] Marking [1] post.product 1054994 as indexed
[2023-12-26 08:00:24] [indexer] Queued next batch (1)
[2023-12-26 08:00:24] [indexer] Queued next batch (1)
[2023-12-26 08:02:07] [index] Dropping post.product 1066108
[2023-12-26 08:02:07] [index] Dropping post.product 1066108
[2023-12-26 08:02:07] [indexer] Processing batch (1)
[2023-12-26 08:02:07] [indexer] Processing batch (1)
[2023-12-26 08:02:07] [indexer] Indexing post.product:1054996
[2023-12-26 08:02:07] [indexer] Indexing post.product:1054996
[2023-12-26 08:02:10] [index] Marking [1] post.product 1054996 as indexed
[2023-12-26 08:02:10] [index] Marking [1] post.product 1054996 as indexed
[2023-12-26 08:02:10] [indexer] Queued next batch (1)
[2023-12-26 08:02:10] [indexer] Queued next batch (1)
[2023-12-26 08:02:25] [index] Dropping post.product 1066104
[2023-12-26 08:02:25] [index] Dropping post.product 1066104
[2023-12-26 08:02:25] [indexer] Processing batch (1)
[2023-12-26 08:02:25] [indexer] Processing batch (1)
[2023-12-26 08:02:25] [indexer] Indexing post.product:1054998
[2023-12-26 08:02:25] [indexer] Indexing post.product:1054998
[2023-12-26 08:02:28] [index] Marking [1] post.product 1054998 as indexed
[2023-12-26 08:02:28] [index] Marking [1] post.product 1054998 as indexed
[2023-12-26 08:02:29] [indexer] Queued next batch (1)
[2023-12-26 08:02:29] [indexer] Queued next batch (1)
