[2023-09-19 07:45:04] [query] Query for: t
[2023-09-19 07:45:04] [query] Arguments: engine: default mods: 0 site: all per_page: 12 page: 1 offset: 0 fields: all
[2023-09-19 07:45:04] [query] Engine: default
[2023-09-19 07:45:04] [query] Tokens: 
[2023-09-19 07:45:04] [query] Mods: 32
[2023-09-19 07:45:04] [query] Request: 
[2023-09-19 07:45:04] [query] Results: 0 Pages of results: 1
[2023-09-19 07:45:04] [query] Execution time: 0.08393
[2023-09-19 07:45:06] [query] Query for: te
[2023-09-19 07:45:06] [query] Arguments: engine: default mods: 0 site: all per_page: 12 page: 1 offset: 0 fields: all
[2023-09-19 07:45:06] [query] Engine: default
[2023-09-19 07:45:06] [query] Tokens: 
[2023-09-19 07:45:06] [query] Mods: 32
[2023-09-19 07:45:06] [query] Request: 
[2023-09-19 07:45:06] [query] Results: 0 Pages of results: 1
[2023-09-19 07:45:06] [query] Execution time: 0.02810
[2023-09-19 10:15:57] [index] Marking post.product 1031775 to be dropped
[2023-09-19 11:30:13] [index] Marking post.product 1031775 to be dropped
[2023-09-19 11:46:49] [index] Marking post.product 1031779 to be dropped
[2023-09-19 11:49:23] [index] Marking post.product 1031782 to be dropped
[2023-09-19 11:52:22] [index] Marking post.product 1032160 to be dropped
[2023-09-19 11:54:21] [index] Marking post.product 1031759 to be dropped
[2023-09-19 11:55:09] [index] Marking post.product 1031751 to be dropped
[2023-09-19 11:55:57] [index] Marking post.product 1031748 to be dropped
[2023-09-19 11:57:15] [index] Marking post.product 1031745 to be dropped
[2023-09-19 11:58:46] [index] Marking post.product 1031737 to be dropped
[2023-09-19 13:22:42] [index] Marking post.product 1031735 to be dropped
[2023-09-19 13:23:54] [index] Marking post.product 1032642 to be dropped
[2023-09-19 13:23:59] [index] Marking post.product 1032643 to be dropped
[2023-09-19 13:24:01] [index] Marking post.product 1032644 to be dropped
[2023-09-19 13:24:04] [index] Marking post.product 1032645 to be dropped
[2023-09-19 13:24:06] [index] Marking post.product 1032646 to be dropped
[2023-09-19 13:24:09] [index] Marking post.product 1032647 to be dropped
[2023-09-19 13:24:11] [index] Marking post.product 1032648 to be dropped
[2023-09-19 13:26:16] [index] Marking post.product 1032642 to be dropped
[2023-09-19 13:33:08] [index] Marking post.product 1032649 to be dropped
[2023-09-19 13:33:12] [index] Marking post.product 1032650 to be dropped
[2023-09-19 13:33:15] [index] Marking post.product 1032651 to be dropped
[2023-09-19 13:33:18] [index] Marking post.product 1032652 to be dropped
[2023-09-19 13:33:21] [index] Marking post.product 1032653 to be dropped
[2023-09-19 13:33:23] [index] Marking post.product 1032654 to be dropped
[2023-09-19 13:33:26] [index] Marking post.product 1032655 to be dropped
[2023-09-19 13:34:01] [index] Marking post.product 1032649 to be dropped
[2023-09-19 13:37:46] [index] Marking post.product 1032656 to be dropped
[2023-09-19 13:37:50] [index] Marking post.product 1032657 to be dropped
[2023-09-19 13:37:53] [index] Marking post.product 1032658 to be dropped
[2023-09-19 13:37:55] [index] Marking post.product 1032659 to be dropped
[2023-09-19 13:37:58] [index] Marking post.product 1032660 to be dropped
[2023-09-19 13:38:01] [index] Marking post.product 1032661 to be dropped
[2023-09-19 13:38:03] [index] Marking post.product 1032662 to be dropped
[2023-09-19 13:39:22] [index] Marking post.product 1032656 to be dropped
[2023-09-19 13:44:30] [index] Marking post.product 1032663 to be dropped
[2023-09-19 13:44:34] [index] Marking post.product 1032664 to be dropped
[2023-09-19 13:44:36] [index] Marking post.product 1032665 to be dropped
[2023-09-19 13:44:39] [index] Marking post.product 1032666 to be dropped
[2023-09-19 13:44:42] [index] Marking post.product 1032667 to be dropped
[2023-09-19 13:44:44] [index] Marking post.product 1032668 to be dropped
[2023-09-19 13:44:47] [index] Marking post.product 1032669 to be dropped
[2023-09-19 13:45:40] [index] Marking post.product 1032663 to be dropped
[2023-09-19 13:48:25] [index] Marking post.product 1032670 to be dropped
[2023-09-19 13:48:29] [index] Marking post.product 1032671 to be dropped
[2023-09-19 13:48:32] [index] Marking post.product 1032672 to be dropped
[2023-09-19 13:48:34] [index] Marking post.product 1032673 to be dropped
[2023-09-19 13:48:37] [index] Marking post.product 1032674 to be dropped
[2023-09-19 13:48:39] [index] Marking post.product 1032675 to be dropped
[2023-09-19 13:48:42] [index] Marking post.product 1032676 to be dropped
[2023-09-19 13:50:05] [index] Marking post.product 1032670 to be dropped
[2023-09-19 13:51:41] [index] Marking post.product 1032677 to be dropped
[2023-09-19 13:51:46] [index] Marking post.product 1032678 to be dropped
[2023-09-19 13:51:49] [index] Marking post.product 1032679 to be dropped
[2023-09-19 13:51:52] [index] Marking post.product 1032680 to be dropped
[2023-09-19 13:51:55] [index] Marking post.product 1032681 to be dropped
[2023-09-19 13:51:57] [index] Marking post.product 1032682 to be dropped
[2023-09-19 13:52:00] [index] Marking post.product 1032683 to be dropped
[2023-09-19 13:53:49] [index] Marking post.product 1032677 to be dropped
[2023-09-19 13:55:20] [index] Marking post.product 1032684 to be dropped
[2023-09-19 13:55:24] [index] Marking post.product 1032685 to be dropped
[2023-09-19 13:55:27] [index] Marking post.product 1032686 to be dropped
[2023-09-19 13:55:30] [index] Marking post.product 1032687 to be dropped
[2023-09-19 13:55:33] [index] Marking post.product 1032688 to be dropped
[2023-09-19 13:55:36] [index] Marking post.product 1032689 to be dropped
[2023-09-19 13:55:39] [index] Marking post.product 1032690 to be dropped
[2023-09-19 13:56:21] [index] Marking post.product 1032684 to be dropped
[2023-09-19 14:05:14] [index] Marking post.product 1032691 to be dropped
[2023-09-19 14:05:19] [index] Marking post.product 1032692 to be dropped
[2023-09-19 14:05:21] [index] Marking post.product 1032693 to be dropped
[2023-09-19 14:05:24] [index] Marking post.product 1032694 to be dropped
[2023-09-19 14:05:26] [index] Marking post.product 1032695 to be dropped
[2023-09-19 14:05:29] [index] Marking post.product 1032696 to be dropped
[2023-09-19 14:05:31] [index] Marking post.product 1032697 to be dropped
[2023-09-19 14:08:21] [index] Marking post.product 1032691 to be dropped
[2023-09-19 14:11:18] [index] Marking post.product 1032698 to be dropped
[2023-09-19 14:11:22] [index] Marking post.product 1032699 to be dropped
[2023-09-19 14:11:25] [index] Marking post.product 1032700 to be dropped
[2023-09-19 14:11:27] [index] Marking post.product 1032701 to be dropped
[2023-09-19 14:11:30] [index] Marking post.product 1032702 to be dropped
[2023-09-19 14:11:32] [index] Marking post.product 1032703 to be dropped
[2023-09-19 14:11:35] [index] Marking post.product 1032704 to be dropped
[2023-09-19 14:12:12] [index] Marking post.product 1032698 to be dropped
[2023-09-19 14:14:50] [index] Marking post.product 1032705 to be dropped
[2023-09-19 14:14:55] [index] Marking post.product 1032706 to be dropped
[2023-09-19 14:14:57] [index] Marking post.product 1032707 to be dropped
[2023-09-19 14:15:00] [index] Marking post.product 1032708 to be dropped
[2023-09-19 14:15:02] [index] Marking post.product 1032709 to be dropped
[2023-09-19 14:15:05] [index] Marking post.product 1032710 to be dropped
[2023-09-19 14:15:07] [index] Marking post.product 1032711 to be dropped
[2023-09-19 14:16:12] [index] Marking post.product 1032705 to be dropped
[2023-09-19 14:18:23] [index] Marking post.product 1032712 to be dropped
[2023-09-19 14:18:27] [index] Marking post.product 1032713 to be dropped
[2023-09-19 14:18:30] [index] Marking post.product 1032714 to be dropped
[2023-09-19 14:18:32] [index] Marking post.product 1032715 to be dropped
[2023-09-19 14:18:35] [index] Marking post.product 1032716 to be dropped
[2023-09-19 14:18:37] [index] Marking post.product 1032717 to be dropped
[2023-09-19 14:18:40] [index] Marking post.product 1032718 to be dropped
[2023-09-19 14:20:35] [index] Marking post.product 1032712 to be dropped
[2023-09-19 14:22:40] [index] Marking post.product 1032719 to be dropped
[2023-09-19 14:22:44] [index] Marking post.product 1032720 to be dropped
[2023-09-19 14:22:47] [index] Marking post.product 1032721 to be dropped
[2023-09-19 14:22:49] [index] Marking post.product 1032722 to be dropped
[2023-09-19 14:22:52] [index] Marking post.product 1032723 to be dropped
[2023-09-19 14:22:54] [index] Marking post.product 1032724 to be dropped
[2023-09-19 14:22:57] [index] Marking post.product 1032725 to be dropped
[2023-09-19 14:24:31] [index] Marking post.product 1032719 to be dropped
[2023-09-19 14:27:02] [index] Marking post.product 1032726 to be dropped
[2023-09-19 14:27:06] [index] Marking post.product 1032727 to be dropped
[2023-09-19 14:27:09] [index] Marking post.product 1032728 to be dropped
[2023-09-19 14:27:12] [index] Marking post.product 1032729 to be dropped
[2023-09-19 14:27:14] [index] Marking post.product 1032730 to be dropped
[2023-09-19 14:27:17] [index] Marking post.product 1032731 to be dropped
[2023-09-19 14:27:19] [index] Marking post.product 1032732 to be dropped
[2023-09-19 14:27:46] [index] Marking post.product 1032726 to be dropped
[2023-09-19 14:28:59] [index] Marking post.product 1032733 to be dropped
[2023-09-19 14:29:04] [index] Marking post.product 1032734 to be dropped
[2023-09-19 14:29:06] [index] Marking post.product 1032735 to be dropped
[2023-09-19 14:29:09] [index] Marking post.product 1032736 to be dropped
[2023-09-19 14:29:12] [index] Marking post.product 1032737 to be dropped
[2023-09-19 14:29:14] [index] Marking post.product 1032738 to be dropped
[2023-09-19 14:29:17] [index] Marking post.product 1032739 to be dropped
[2023-09-19 14:29:57] [index] Marking post.product 1032733 to be dropped
[2023-09-19 14:32:02] [index] Marking post.product 1032740 to be dropped
[2023-09-19 14:32:07] [index] Marking post.product 1032741 to be dropped
[2023-09-19 14:32:10] [index] Marking post.product 1032742 to be dropped
[2023-09-19 14:32:12] [index] Marking post.product 1032743 to be dropped
[2023-09-19 14:32:15] [index] Marking post.product 1032744 to be dropped
[2023-09-19 14:32:18] [index] Marking post.product 1032745 to be dropped
[2023-09-19 14:32:20] [index] Marking post.product 1032746 to be dropped
[2023-09-19 14:33:01] [index] Marking post.product 1032740 to be dropped
[2023-09-19 14:35:53] [index] Marking post.product 1032747 to be dropped
[2023-09-19 14:35:58] [index] Marking post.product 1032748 to be dropped
[2023-09-19 14:36:01] [index] Marking post.product 1032749 to be dropped
[2023-09-19 14:36:04] [index] Marking post.product 1032750 to be dropped
[2023-09-19 14:36:07] [index] Marking post.product 1032751 to be dropped
[2023-09-19 14:36:09] [index] Marking post.product 1032752 to be dropped
[2023-09-19 14:36:12] [index] Marking post.product 1032753 to be dropped
[2023-09-19 14:37:58] [index] Marking post.product 1032747 to be dropped
[2023-09-19 14:39:34] [index] Marking post.product 1032754 to be dropped
[2023-09-19 14:39:38] [index] Marking post.product 1032755 to be dropped
[2023-09-19 14:39:41] [index] Marking post.product 1032756 to be dropped
[2023-09-19 14:39:44] [index] Marking post.product 1032757 to be dropped
[2023-09-19 14:39:46] [index] Marking post.product 1032758 to be dropped
[2023-09-19 14:39:49] [index] Marking post.product 1032759 to be dropped
[2023-09-19 14:39:52] [index] Marking post.product 1032760 to be dropped
[2023-09-19 14:41:07] [index] Marking post.product 1032754 to be dropped
[2023-09-19 14:42:13] [index] Marking post.product 1032754 to be dropped
[2023-09-19 14:49:24] [index] Marking post.product 1032761 to be dropped
[2023-09-19 14:49:28] [index] Marking post.product 1032762 to be dropped
[2023-09-19 14:49:31] [index] Marking post.product 1032763 to be dropped
[2023-09-19 14:49:34] [index] Marking post.product 1032764 to be dropped
[2023-09-19 14:49:37] [index] Marking post.product 1032765 to be dropped
[2023-09-19 14:49:40] [index] Marking post.product 1032766 to be dropped
[2023-09-19 14:49:43] [index] Marking post.product 1032767 to be dropped
[2023-09-19 14:51:22] [index] Marking post.product 1032761 to be dropped
[2023-09-19 14:56:57] [index] Marking post.product 1032768 to be dropped
[2023-09-19 14:57:01] [index] Marking post.product 1032769 to be dropped
[2023-09-19 14:57:04] [index] Marking post.product 1032770 to be dropped
[2023-09-19 14:57:07] [index] Marking post.product 1032771 to be dropped
[2023-09-19 14:57:09] [index] Marking post.product 1032772 to be dropped
[2023-09-19 14:57:12] [index] Marking post.product 1032773 to be dropped
[2023-09-19 14:57:15] [index] Marking post.product 1032774 to be dropped
[2023-09-19 14:59:55] [index] Marking post.product 1032768 to be dropped
[2023-09-19 15:07:20] [index] Marking post.product 1032775 to be dropped
[2023-09-19 15:07:24] [index] Marking post.product 1032776 to be dropped
[2023-09-19 15:07:27] [index] Marking post.product 1032777 to be dropped
[2023-09-19 15:07:30] [index] Marking post.product 1032778 to be dropped
[2023-09-19 15:07:33] [index] Marking post.product 1032779 to be dropped
[2023-09-19 15:07:35] [index] Marking post.product 1032780 to be dropped
[2023-09-19 15:07:38] [index] Marking post.product 1032781 to be dropped
[2023-09-19 15:09:00] [index] Marking post.product 1032775 to be dropped
