[2023-11-21 02:08:45] [index] Dropping post.product 1032160
[2023-11-21 02:08:45] [indexer] Processing batch (1)
[2023-11-21 02:08:45] [indexer] Indexing post.product:1032956
[2023-11-21 02:08:45] [index] Marking [1] post.product 1032956 as indexed
[2023-11-21 02:08:45] [indexer] Queued next batch (1)
[2023-11-21 02:13:36] [index] Dropping post.product 1032160
[2023-11-21 02:13:36] [indexer] Queued next batch (1)
[2023-11-21 02:19:23] [index] Dropping post.product 1031759
[2023-11-21 02:19:23] [indexer] Processing batch (1)
[2023-11-21 02:19:23] [indexer] Indexing post.product:1032160
[2023-11-21 02:19:23] [index] Marking [1] post.product 1032160 as indexed
[2023-11-21 02:19:23] [indexer] Queued next batch (1)
[2023-11-21 03:30:26] [index] Dropping taxonomy.pa_euroclass 149
[2023-11-21 03:30:26] [indexer] Processing batch (1)
[2023-11-21 03:30:26] [indexer] Indexing post.product:1031759
[2023-11-21 03:30:26] [index] Marking [1] post.product 1031759 as indexed
[2023-11-21 03:30:26] [indexer] Index built
[2023-11-21 03:30:26] [index] Dropping taxonomy.pa_euroclass 150
[2023-11-21 03:30:26] [indexer] Index built
[2023-11-21 03:30:26] [index] Dropping taxonomy.pa_euroclass 151
[2023-11-21 03:30:26] [indexer] Index built
[2023-11-21 03:30:26] [index] Dropping taxonomy.pa_euroclass 152
[2023-11-21 03:30:26] [indexer] Index built
[2023-11-21 03:48:53] [index] Dropping post.product 1032160
[2023-11-21 03:48:53] [indexer] Queued next batch (1)
[2023-11-21 09:32:19] [index] Dropping post.product 1031759
[2023-11-21 09:32:19] [indexer] Processing batch (1)
[2023-11-21 09:32:19] [indexer] Indexing post.product:1032160
[2023-11-21 09:32:19] [index] Marking [1] post.product 1032160 as indexed
[2023-11-21 09:32:19] [indexer] Queued next batch (1)
[2023-11-21 09:36:04] [index] Dropping post.product 1031759
[2023-11-21 09:36:04] [indexer] Queued next batch (1)
[2023-11-21 09:47:28] [index] Dropping post.product 1031759
[2023-11-21 09:47:28] [indexer] Queued next batch (1)
