[2023-09-29 03:29:30] [query] Query for: mic
[2023-09-29 03:29:30] [query] Arguments: engine: default mods: 0 site: all per_page: 12 page: 1 offset: 0 fields: all
[2023-09-29 03:29:30] [query] Engine: default
[2023-09-29 03:29:30] [query] Tokens: 
[2023-09-29 03:29:30] [query] Mods: 32
[2023-09-29 03:29:30] [query] Request: 
[2023-09-29 03:29:30] [query] Results: 0 Pages of results: 1
[2023-09-29 03:29:30] [query] Execution time: 0.02847
[2023-09-29 03:29:30] [query] Query for: mic
[2023-09-29 03:29:30] [query] Arguments: engine: default mods: 0 site: all per_page: 12 page: 1 offset: 0 fields: all
[2023-09-29 03:29:30] [query] Engine: default
[2023-09-29 03:29:30] [query] Tokens: 
[2023-09-29 03:29:30] [query] Mods: 32
[2023-09-29 03:29:30] [query] Request: 
[2023-09-29 03:29:30] [query] Results: 0 Pages of results: 1
[2023-09-29 03:29:30] [query] Execution time: 0.01464
[2023-09-29 03:29:32] [query] Query for: micro
[2023-09-29 03:29:32] [query] Arguments: engine: default mods: 0 site: all per_page: 12 page: 1 offset: 0 fields: all
[2023-09-29 03:29:32] [query] Engine: default
[2023-09-29 03:29:32] [query] Tokens: 
[2023-09-29 03:29:32] [query] Mods: 32
[2023-09-29 03:29:32] [query] Request: 
[2023-09-29 03:29:32] [query] Results: 0 Pages of results: 1
[2023-09-29 03:29:32] [query] Execution time: 0.01837
[2023-09-29 03:29:32] [query] Query for: micro
[2023-09-29 03:29:32] [query] Arguments: engine: default mods: 0 site: all per_page: 12 page: 1 offset: 0 fields: all
[2023-09-29 03:29:32] [query] Engine: default
[2023-09-29 03:29:32] [query] Tokens: 
[2023-09-29 03:29:32] [query] Mods: 32
[2023-09-29 03:29:32] [query] Request: 
[2023-09-29 03:29:32] [query] Results: 0 Pages of results: 1
[2023-09-29 03:29:32] [query] Execution time: 0.01559
[2023-09-29 03:29:34] [query] Query for: microsoft
[2023-09-29 03:29:34] [query] Arguments: engine: default mods: 0 site: all per_page: 12 page: 1 offset: 0 fields: all
[2023-09-29 03:29:34] [query] Engine: default
[2023-09-29 03:29:34] [query] Tokens: 
[2023-09-29 03:29:34] [query] Mods: 32
[2023-09-29 03:29:34] [query] Request: 
[2023-09-29 03:29:34] [query] Results: 0 Pages of results: 1
[2023-09-29 03:29:34] [query] Execution time: 0.01396
[2023-09-29 03:29:34] [query] Query for: microsoft
[2023-09-29 03:29:34] [query] Arguments: engine: default mods: 0 site: all per_page: 12 page: 1 offset: 0 fields: all
[2023-09-29 03:29:34] [query] Engine: default
[2023-09-29 03:29:34] [query] Tokens: 
[2023-09-29 03:29:34] [query] Mods: 32
[2023-09-29 03:29:34] [query] Request: 
[2023-09-29 03:29:34] [query] Results: 0 Pages of results: 1
[2023-09-29 03:29:34] [query] Execution time: 0.01466
[2023-09-29 03:29:34] [query] Query for: microsoft
[2023-09-29 03:29:34] [query] Arguments: engine: default mods: 0 site: all per_page: 12 page: 1 offset: 0 fields: all
[2023-09-29 03:29:34] [query] Engine: default
[2023-09-29 03:29:34] [query] Tokens: 
[2023-09-29 03:29:34] [query] Mods: 32
[2023-09-29 03:29:34] [query] Request: 
[2023-09-29 03:29:34] [query] Results: 0 Pages of results: 1
[2023-09-29 03:29:34] [query] Execution time: 0.01454
[2023-09-29 03:29:36] [query] Query for: microsoft
[2023-09-29 03:29:36] [query] Arguments: engine: default mods: 0 site: all per_page: 12 page: 1 offset: 0 fields: all
[2023-09-29 03:29:36] [query] Engine: default
[2023-09-29 03:29:36] [query] Tokens: 
[2023-09-29 03:29:36] [query] Mods: 32
[2023-09-29 03:29:36] [query] Request: 
[2023-09-29 03:29:36] [query] Results: 0 Pages of results: 1
[2023-09-29 03:29:36] [query] Execution time: 0.01478
[2023-09-29 03:29:36] [query] Query for: microsoft
[2023-09-29 03:29:36] [query] Arguments: engine: default mods: 0 site: all per_page: 12 page: 1 offset: 0 fields: all
[2023-09-29 03:29:36] [query] Engine: default
[2023-09-29 03:29:36] [query] Tokens: 
[2023-09-29 03:29:36] [query] Mods: 32
[2023-09-29 03:29:36] [query] Request: 
[2023-09-29 03:29:36] [query] Results: 0 Pages of results: 1
[2023-09-29 03:29:36] [query] Execution time: 0.01293
[2023-09-29 03:29:38] [query] Query for: pow
[2023-09-29 03:29:38] [query] Arguments: engine: default mods: 0 site: all per_page: 12 page: 1 offset: 0 fields: all
[2023-09-29 03:29:38] [query] Engine: default
[2023-09-29 03:29:38] [query] Tokens: 
[2023-09-29 03:29:38] [query] Mods: 32
[2023-09-29 03:29:38] [query] Request: 
[2023-09-29 03:29:38] [query] Results: 0 Pages of results: 1
[2023-09-29 03:29:38] [query] Execution time: 0.01421
[2023-09-29 03:29:38] [query] Query for: pow
[2023-09-29 03:29:38] [query] Arguments: engine: default mods: 0 site: all per_page: 12 page: 1 offset: 0 fields: all
[2023-09-29 03:29:38] [query] Engine: default
[2023-09-29 03:29:38] [query] Tokens: 
[2023-09-29 03:29:38] [query] Mods: 32
[2023-09-29 03:29:38] [query] Request: 
[2023-09-29 03:29:38] [query] Results: 0 Pages of results: 1
[2023-09-29 03:29:38] [query] Execution time: 0.01415
[2023-09-29 03:29:39] [query] Query for: power
[2023-09-29 03:29:39] [query] Arguments: engine: default mods: 0 site: all per_page: 12 page: 1 offset: 0 fields: all
[2023-09-29 03:29:39] [query] Engine: default
[2023-09-29 03:29:39] [query] Tokens: 
[2023-09-29 03:29:39] [query] Mods: 32
[2023-09-29 03:29:39] [query] Request: 
[2023-09-29 03:29:39] [query] Results: 0 Pages of results: 1
[2023-09-29 03:29:39] [query] Execution time: 0.01423
[2023-09-29 03:29:39] [query] Query for: power
[2023-09-29 03:29:39] [query] Arguments: engine: default mods: 0 site: all per_page: 12 page: 1 offset: 0 fields: all
[2023-09-29 03:29:39] [query] Engine: default
[2023-09-29 03:29:39] [query] Tokens: 
[2023-09-29 03:29:39] [query] Mods: 32
[2023-09-29 03:29:39] [query] Request: 
[2023-09-29 03:29:39] [query] Results: 0 Pages of results: 1
[2023-09-29 03:29:39] [query] Execution time: 0.01595
[2023-09-29 03:29:53] [settings] Displaying options page
[2023-09-29 03:31:17] [indexer] Queued next batch (1)
[2023-09-29 03:31:42] [settings] Displaying options page
[2023-09-29 03:31:55] [settings] Displaying options page
[2023-09-29 03:32:05] [settings] Displaying options page
[2023-09-29 03:32:25] [query] Query for: plan
[2023-09-29 03:32:25] [query] Arguments: engine: default mods: 0 site: all per_page: 12 page: 1 offset: 0 fields: all
[2023-09-29 03:32:25] [query] Engine: default
[2023-09-29 03:32:25] [query] Tokens: 
[2023-09-29 03:32:25] [query] Mods: 34
[2023-09-29 03:32:25] [query] Request: 
[2023-09-29 03:32:25] [query] Results: 0 Pages of results: 1
[2023-09-29 03:32:25] [query] Execution time: 0.01388
[2023-09-29 03:32:25] [query] Query for: plann
[2023-09-29 03:32:25] [query] Arguments: engine: default mods: 0 site: all per_page: 12 page: 1 offset: 0 fields: all
[2023-09-29 03:32:25] [query] Engine: default
[2023-09-29 03:32:25] [query] Tokens: 
[2023-09-29 03:32:25] [query] Mods: 34
[2023-09-29 03:32:25] [query] Request: 
[2023-09-29 03:32:25] [query] Results: 0 Pages of results: 1
[2023-09-29 03:32:25] [query] Execution time: 0.01466
[2023-09-29 03:32:26] [query] Query for: plannin
[2023-09-29 03:32:26] [query] Arguments: engine: default mods: 0 site: all per_page: 12 page: 1 offset: 0 fields: all
[2023-09-29 03:32:26] [query] Engine: default
[2023-09-29 03:32:26] [query] Tokens: 
[2023-09-29 03:32:26] [query] Mods: 34
[2023-09-29 03:32:26] [query] Request: 
[2023-09-29 03:32:26] [query] Results: 0 Pages of results: 1
[2023-09-29 03:32:26] [query] Execution time: 0.01476
[2023-09-29 03:32:26] [query] Query for: plannin
[2023-09-29 03:32:26] [query] Arguments: engine: default mods: 0 site: all per_page: 12 page: 1 offset: 0 fields: all
[2023-09-29 03:32:26] [query] Engine: default
[2023-09-29 03:32:26] [query] Tokens: 
[2023-09-29 03:32:26] [query] Mods: 34
[2023-09-29 03:32:26] [query] Request: 
[2023-09-29 03:32:26] [query] Results: 0 Pages of results: 1
[2023-09-29 03:32:26] [query] Execution time: 0.01957
[2023-09-29 03:32:26] [query] Query for: plannin
[2023-09-29 03:32:26] [query] Arguments: engine: default mods: 0 site: all per_page: 12 page: 1 offset: 0 fields: all
[2023-09-29 03:32:26] [query] Engine: default
[2023-09-29 03:32:26] [query] Tokens: 
[2023-09-29 03:32:26] [query] Mods: 34
[2023-09-29 03:32:26] [query] Request: 
[2023-09-29 03:32:26] [query] Results: 0 Pages of results: 1
[2023-09-29 03:32:26] [query] Execution time: 0.01255
[2023-09-29 03:32:27] [query] Query for: planning
[2023-09-29 03:32:27] [query] Arguments: engine: default mods: 0 site: all per_page: 12 page: 1 offset: 0 fields: all
[2023-09-29 03:32:27] [query] Engine: default
[2023-09-29 03:32:27] [query] Tokens: 
[2023-09-29 03:32:27] [query] Mods: 34
[2023-09-29 03:32:27] [query] Request: 
[2023-09-29 03:32:27] [query] Results: 0 Pages of results: 1
[2023-09-29 03:32:27] [query] Execution time: 0.01422
[2023-09-29 03:32:35] [query] Query for: lemon drops
[2023-09-29 03:32:35] [query] Arguments: engine: default mods: 0 site: all per_page: 12 page: 1 offset: 0 fields: all
[2023-09-29 03:32:35] [query] Engine: default
[2023-09-29 03:32:35] [query] Tokens: 
[2023-09-29 03:32:35] [query] Mods: 34
[2023-09-29 03:32:35] [query] Request: 
[2023-09-29 03:32:35] [query] Results: 0 Pages of results: 1
[2023-09-29 03:32:35] [query] Execution time: 0.01493
[2023-09-29 03:32:36] [query] Query for: lemon drops
[2023-09-29 03:32:36] [query] Arguments: engine: default mods: 0 site: all per_page: 12 page: 1 offset: 0 fields: all
[2023-09-29 03:32:36] [query] Engine: default
[2023-09-29 03:32:36] [query] Tokens: 
[2023-09-29 03:32:36] [query] Mods: 34
[2023-09-29 03:32:36] [query] Request: 
[2023-09-29 03:32:36] [query] Results: 0 Pages of results: 1
[2023-09-29 03:32:36] [query] Execution time: 0.01497
[2023-09-29 03:32:39] [query] Query for: lemon drops
[2023-09-29 03:32:39] [query] Arguments: engine: default mods: 0 site: all per_page: 12 page: 1 offset: 0 fields: all
[2023-09-29 03:32:39] [query] Engine: default
[2023-09-29 03:32:39] [query] Tokens: 
[2023-09-29 03:32:39] [query] Mods: 34
[2023-09-29 03:32:39] [query] Request: 
[2023-09-29 03:32:39] [query] Results: 0 Pages of results: 1
[2023-09-29 03:32:39] [query] Execution time: 0.01341
[2023-09-29 03:32:42] [query] Query for: lemon drop
[2023-09-29 03:32:42] [query] Arguments: engine: default mods: 0 site: all per_page: 12 page: 1 offset: 0 fields: all
[2023-09-29 03:32:42] [query] Engine: default
[2023-09-29 03:32:42] [query] Tokens: 
[2023-09-29 03:32:42] [query] Mods: 34
[2023-09-29 03:32:42] [query] Request: 
[2023-09-29 03:32:42] [query] Results: 0 Pages of results: 1
[2023-09-29 03:32:42] [query] Execution time: 0.01332
[2023-09-29 03:35:25] [query] Query for: lemon drop
[2023-09-29 03:35:25] [query] Arguments: engine: default mods: 0 site: all per_page: 12 page: 1 offset: 0 fields: all
[2023-09-29 03:35:25] [query] Engine: default
[2023-09-29 03:35:25] [query] Tokens: 
[2023-09-29 03:35:25] [query] Mods: 34
[2023-09-29 03:35:25] [query] Request: 
[2023-09-29 03:35:25] [query] Results: 0 Pages of results: 1
[2023-09-29 03:35:25] [query] Execution time: 0.01508
[2023-09-29 03:35:44] [query] Query for: lemon drop
[2023-09-29 03:35:44] [query] Arguments: engine: default mods: 0 site: all per_page: 12 page: 1 offset: 0 fields: all
[2023-09-29 03:35:44] [query] Engine: default
[2023-09-29 03:35:44] [query] Tokens: 
[2023-09-29 03:35:44] [query] Mods: 34
[2023-09-29 03:35:44] [query] Request: 
[2023-09-29 03:35:44] [query] Results: 0 Pages of results: 1
[2023-09-29 03:35:44] [query] Execution time: 0.01521
[2023-09-29 03:35:49] [query] Query for: lemon drops
[2023-09-29 03:35:49] [query] Arguments: engine: default mods: 0 site: all per_page: 12 page: 1 offset: 0 fields: all
[2023-09-29 03:35:49] [query] Engine: default
[2023-09-29 03:35:49] [query] Tokens: 
[2023-09-29 03:35:49] [query] Mods: 34
[2023-09-29 03:35:49] [query] Request: 
[2023-09-29 03:35:49] [query] Results: 0 Pages of results: 1
[2023-09-29 03:35:49] [query] Execution time: 0.01450
[2023-09-29 03:39:35] [query] Query for: lemon drops
[2023-09-29 03:39:35] [query] Arguments: engine: default (previously instantiated) mods: 0 site: all per_page: 12 page: 1 offset: 0 fields: all
[2023-09-29 03:39:35] [query] Engine: default
[2023-09-29 03:39:35] [query] Tokens: 
[2023-09-29 03:39:35] [query] Mods: 34
[2023-09-29 03:39:35] [query] Request: 
[2023-09-29 03:39:35] [query] Results: 0 Pages of results: 1
[2023-09-29 03:39:35] [query] Execution time: 0.01587
[2023-09-29 03:40:09] [settings] Displaying options page
[2023-09-29 03:40:23] [settings] Displaying options page
[2023-09-29 03:41:16] [index] Truncating index table
[2023-09-29 03:41:16] [index] Truncating status table
[2023-09-29 03:41:16] [index] Truncating tokens table
