[2023-10-12 09:40:39] [settings] Displaying options page
[2023-10-12 09:48:52] [settings] Displaying options page
[2023-10-12 09:48:56] [settings] Displaying options page
[2023-10-12 09:49:27] [settings] Displaying options page
[2023-10-12 09:49:54] [settings] Displaying options page
[2023-10-12 09:52:31] [query] Query for: o-rings
[2023-10-12 09:52:31] [query] Arguments: engine: default (previously instantiated) mods: 0 site: all per_page: 20 page: 1 offset: 0 fields: ids
[2023-10-12 09:52:31] [query] Engine: default
[2023-10-12 09:52:32] [query] Tokens: 
[2023-10-12 09:52:32] [query] Mods: 16
[2023-10-12 09:52:32] [query] Request: 
[2023-10-12 09:52:32] [query] Results: 0 Pages of results: 1
[2023-10-12 09:52:32] [query] Execution time: 0.06318
[2023-10-12 09:52:38] [query] Query for: o-rings
[2023-10-12 09:52:38] [query] Arguments: engine: default (previously instantiated) mods: 0 site: all per_page: 20 page: 1 offset: 0 fields: ids
[2023-10-12 09:52:38] [query] Engine: default
[2023-10-12 09:52:38] [query] Tokens: 
[2023-10-12 09:52:38] [query] Mods: 16
[2023-10-12 09:52:38] [query] Request: 
[2023-10-12 09:52:38] [query] Results: 0 Pages of results: 1
[2023-10-12 09:52:38] [query] Execution time: 0.01497
[2023-10-12 09:52:43] [query] Query for: ring
[2023-10-12 09:52:43] [query] Arguments: engine: default (previously instantiated) mods: 0 site: all per_page: 20 page: 1 offset: 0 fields: ids
[2023-10-12 09:52:43] [query] Engine: default
[2023-10-12 09:52:43] [query] Tokens: 
[2023-10-12 09:52:43] [query] Mods: 16
[2023-10-12 09:52:43] [query] Request: 
[2023-10-12 09:52:43] [query] Results: 0 Pages of results: 1
[2023-10-12 09:52:43] [query] Execution time: 0.01746
[2023-10-12 15:37:49] [index] Marking post.product 1033105 to be dropped
[2023-10-12 15:39:02] [index] Marking post.product 1033105 to be dropped
