[2023-12-13 10:09:10] [index] Dropping taxonomy.product_cat 8161
[2023-12-13 10:09:10] [indexer] Processing batch (1)
[2023-12-13 10:09:10] [indexer] Indexing post.product:1038162
[2023-12-13 10:09:10] [index] Marking [1] post.product 1038162 as indexed
[2023-12-13 10:09:10] [indexer] Queued next batch (1)
[2023-12-13 10:09:10] [index] Dropping taxonomy.product_cat 8159
[2023-12-13 10:09:10] [indexer] Processing batch (1)
[2023-12-13 10:09:10] [indexer] Indexing post.product:1038179
[2023-12-13 10:09:10] [index] Marking [1] post.product 1038179 as indexed
[2023-12-13 10:09:10] [indexer] Queued next batch (1)
[2023-12-13 12:07:51] [index] Dropping taxonomy.product_cat 8158
[2023-12-13 12:07:51] [indexer] Processing batch (1)
[2023-12-13 12:07:51] [indexer] Indexing post.product:1038196
[2023-12-13 12:07:51] [index] Marking [1] post.product 1038196 as indexed
[2023-12-13 12:07:51] [indexer] Queued next batch (1)
[2023-12-13 12:09:09] [index] Dropping post.product 1038470
[2023-12-13 12:09:09] [indexer] Processing batch (1)
[2023-12-13 12:09:09] [indexer] Indexing post.product:1038213
[2023-12-13 12:09:10] [index] Marking [1] post.product 1038213 as indexed
[2023-12-13 12:09:10] [indexer] Queued next batch (1)
[2023-12-13 12:20:32] [index] Dropping post.product 1038470
[2023-12-13 12:20:32] [indexer] Processing batch (1)
[2023-12-13 12:20:32] [indexer] Indexing post.product:1038230
[2023-12-13 12:20:32] [index] Marking [1] post.product 1038230 as indexed
[2023-12-13 12:20:32] [indexer] Queued next batch (1)
[2023-12-13 12:32:09] [index] Dropping post.product 1038504
[2023-12-13 12:32:09] [indexer] Processing batch (1)
[2023-12-13 12:32:09] [indexer] Indexing post.product:1038247
[2023-12-13 12:32:09] [index] Marking [1] post.product 1038247 as indexed
[2023-12-13 12:32:09] [indexer] Queued next batch (1)
[2023-12-13 12:32:31] [index] Dropping post.product 1038504
[2023-12-13 12:32:31] [indexer] Processing batch (1)
[2023-12-13 12:32:31] [indexer] Indexing post.product:1038435
[2023-12-13 12:32:32] [index] Marking [1] post.product 1038435 as indexed
[2023-12-13 12:32:32] [indexer] Queued next batch (1)
[2023-12-13 12:37:30] [index] Dropping taxonomy.product_cat 8176
[2023-12-13 12:37:30] [indexer] Processing batch (1)
[2023-12-13 12:37:30] [indexer] Indexing post.product:1038453
[2023-12-13 12:37:30] [index] Marking [1] post.product 1038453 as indexed
[2023-12-13 12:37:30] [indexer] Queued next batch (1)
[2023-12-13 12:38:10] [index] Dropping taxonomy.product_cat 8170
[2023-12-13 12:38:10] [indexer] Processing batch (1)
[2023-12-13 12:38:10] [indexer] Indexing post.product:1038470
[2023-12-13 12:38:10] [index] Marking [1] post.product 1038470 as indexed
[2023-12-13 12:38:10] [indexer] Queued next batch (1)
[2023-12-13 12:38:45] [index] Dropping taxonomy.product_cat 8167
[2023-12-13 12:38:45] [indexer] Processing batch (1)
[2023-12-13 12:38:45] [indexer] Indexing post.product:1038476
[2023-12-13 12:38:45] [index] Marking [1] post.product 1038476 as indexed
[2023-12-13 12:38:45] [indexer] Queued next batch (1)
[2023-12-13 12:56:13] [index] Dropping taxonomy.product_cat 8156
[2023-12-13 12:56:13] [indexer] Processing batch (1)
[2023-12-13 12:56:13] [indexer] Indexing post.product:1038500
[2023-12-13 12:56:13] [index] Marking [1] post.product 1038500 as indexed
[2023-12-13 12:56:13] [indexer] Queued next batch (1)
[2023-12-13 12:56:13] [index] Dropping taxonomy.product_cat 8157
[2023-12-13 12:56:13] [indexer] Processing batch (1)
[2023-12-13 12:56:13] [indexer] Indexing post.product:1038502
[2023-12-13 12:56:13] [index] Marking [1] post.product 1038502 as indexed
[2023-12-13 12:56:13] [indexer] Queued next batch (1)
[2023-12-13 19:16:32] [index] Dropping post.product 1038569
[2023-12-13 19:16:32] [indexer] Processing batch (1)
[2023-12-13 19:16:32] [indexer] Indexing post.product:1038504
[2023-12-13 19:16:34] [index] Marking [1] post.product 1038504 as indexed
[2023-12-13 19:16:34] [indexer] Queued next batch (1)
